{"/home/travis/build/npmtest/node-npmtest-imdone/test.js":{"path":"/home/travis/build/npmtest/node-npmtest-imdone/test.js","s":{"1":2,"2":2,"3":2,"4":2,"5":2,"6":2,"7":2,"8":1,"9":2,"10":2,"11":1,"12":1,"13":1,"14":1,"15":2,"16":2,"17":2,"18":2,"19":1,"20":1,"21":2,"22":2,"23":2,"24":1,"25":1,"26":1,"27":1,"28":1,"29":1,"30":1,"31":1,"32":1,"33":1,"34":1,"35":1,"36":1,"37":1,"38":1,"39":2,"40":2,"41":1,"42":2,"43":2,"44":1,"45":2,"46":2,"47":1,"48":2,"49":2,"50":1,"51":1,"52":1,"53":1,"54":1},"b":{"1":[2,1,1,1],"2":[1,1,1,1],"3":[1,1],"4":[1,1],"5":[1,1],"6":[1,1],"7":[1,1],"8":[1,1],"9":[1,1],"10":[1,1,1],"11":[1,1],"12":[1,1],"13":[1,1],"14":[1,1],"15":[1,1],"16":[1,1],"17":[1,1]},"f":{"1":2,"2":2,"3":2,"4":2,"5":2,"6":1,"7":1,"8":1,"9":2,"10":2,"11":2,"12":2,"13":1},"fnMap":{"1":{"name":"(anonymous_1)","line":12,"loc":{"start":{"line":12,"column":1},"end":{"line":12,"column":13}}},"2":{"name":"(anonymous_2)","line":19,"loc":{"start":{"line":19,"column":5},"end":{"line":19,"column":17}}},"3":{"name":"(anonymous_3)","line":23,"loc":{"start":{"line":23,"column":24},"end":{"line":23,"column":36}}},"4":{"name":"(anonymous_4)","line":61,"loc":{"start":{"line":61,"column":5},"end":{"line":61,"column":17}}},"5":{"name":"(anonymous_5)","line":82,"loc":{"start":{"line":82,"column":5},"end":{"line":82,"column":17}}},"6":{"name":"(anonymous_6)","line":91,"loc":{"start":{"line":91,"column":77},"end":{"line":94,"column":10}}},"7":{"name":"(anonymous_7)","line":112,"loc":{"start":{"line":112,"column":83},"end":{"line":115,"column":10}},"skip":true},"8":{"name":"(anonymous_8)","line":123,"loc":{"start":{"line":123,"column":77},"end":{"line":126,"column":10}},"skip":true},"9":{"name":"(anonymous_9)","line":139,"loc":{"start":{"line":139,"column":12},"end":{"line":139,"column":40}},"skip":true},"10":{"name":"(anonymous_10)","line":147,"loc":{"start":{"line":147,"column":77},"end":{"line":150,"column":10}},"skip":true},"11":{"name":"(anonymous_11)","line":158,"loc":{"start":{"line":158,"column":83},"end":{"line":161,"column":10}},"skip":true},"12":{"name":"(anonymous_12)","line":169,"loc":{"start":{"line":169,"column":79},"end":{"line":172,"column":10}},"skip":true},"13":{"name":"(anonymous_13)","line":180,"loc":{"start":{"line":180,"column":75},"end":{"line":183,"column":10}},"skip":true}},"statementMap":{"1":{"start":{"line":12,"column":0},"end":{"line":195,"column":5}},"2":{"start":{"line":14,"column":4},"end":{"line":14,"column":14}},"3":{"start":{"line":19,"column":4},"end":{"line":56,"column":9}},"4":{"start":{"line":21,"column":8},"end":{"line":21,"column":19}},"5":{"start":{"line":23,"column":8},"end":{"line":35,"column":13}},"6":{"start":{"line":24,"column":12},"end":{"line":34,"column":13}},"7":{"start":{"line":25,"column":16},"end":{"line":28,"column":30}},"8":{"start":{"line":30,"column":16},"end":{"line":33,"column":27}},"9":{"start":{"line":37,"column":8},"end":{"line":39,"column":21}},"10":{"start":{"line":40,"column":8},"end":{"line":53,"column":9}},"11":{"start":{"line":43,"column":12},"end":{"line":46,"column":14}},"12":{"start":{"line":47,"column":12},"end":{"line":47,"column":18}},"13":{"start":{"line":50,"column":12},"end":{"line":51,"column":46}},"14":{"start":{"line":52,"column":12},"end":{"line":52,"column":18}},"15":{"start":{"line":55,"column":8},"end":{"line":55,"column":35}},"16":{"start":{"line":61,"column":4},"end":{"line":63,"column":9}},"17":{"start":{"line":62,"column":8},"end":{"line":62,"column":15}},"18":{"start":{"line":64,"column":4},"end":{"line":77,"column":5}},"19":{"start":{"line":70,"column":8},"end":{"line":70,"column":14}},"20":{"start":{"line":76,"column":8},"end":{"line":76,"column":14}},"21":{"start":{"line":82,"column":4},"end":{"line":84,"column":9}},"22":{"start":{"line":83,"column":8},"end":{"line":83,"column":15}},"23":{"start":{"line":85,"column":4},"end":{"line":194,"column":5}},"24":{"start":{"line":91,"column":8},"end":{"line":99,"column":10}},"25":{"start":{"line":98,"column":12},"end":{"line":98,"column":35}},"26":{"start":{"line":102,"column":8},"end":{"line":104,"column":63}},"27":{"start":{"line":105,"column":8},"end":{"line":105,"column":14}},"28":{"start":{"line":112,"column":8},"end":{"line":121,"column":10},"skip":true},"29":{"start":{"line":119,"column":12},"end":{"line":119,"column":55},"skip":true},"30":{"start":{"line":120,"column":12},"end":{"line":120,"column":48},"skip":true},"31":{"start":{"line":123,"column":8},"end":{"line":136,"column":10},"skip":true},"32":{"start":{"line":130,"column":12},"end":{"line":130,"column":76},"skip":true},"33":{"start":{"line":131,"column":12},"end":{"line":131,"column":73},"skip":true},"34":{"start":{"line":132,"column":12},"end":{"line":132,"column":74},"skip":true},"35":{"start":{"line":133,"column":12},"end":{"line":133,"column":79},"skip":true},"36":{"start":{"line":134,"column":12},"end":{"line":134,"column":25},"skip":true},"37":{"start":{"line":135,"column":12},"end":{"line":135,"column":45},"skip":true},"38":{"start":{"line":138,"column":8},"end":{"line":145,"column":14},"skip":true},"39":{"start":{"line":143,"column":16},"end":{"line":143,"column":29},"skip":true},"40":{"start":{"line":144,"column":16},"end":{"line":144,"column":55},"skip":true},"41":{"start":{"line":147,"column":8},"end":{"line":156,"column":10},"skip":true},"42":{"start":{"line":154,"column":12},"end":{"line":154,"column":25},"skip":true},"43":{"start":{"line":155,"column":12},"end":{"line":155,"column":45},"skip":true},"44":{"start":{"line":158,"column":8},"end":{"line":167,"column":10},"skip":true},"45":{"start":{"line":165,"column":12},"end":{"line":165,"column":25},"skip":true},"46":{"start":{"line":166,"column":12},"end":{"line":166,"column":48},"skip":true},"47":{"start":{"line":169,"column":8},"end":{"line":178,"column":10},"skip":true},"48":{"start":{"line":176,"column":12},"end":{"line":176,"column":25},"skip":true},"49":{"start":{"line":177,"column":12},"end":{"line":177,"column":46},"skip":true},"50":{"start":{"line":180,"column":8},"end":{"line":189,"column":10},"skip":true},"51":{"start":{"line":187,"column":12},"end":{"line":187,"column":94},"skip":true},"52":{"start":{"line":188,"column":12},"end":{"line":188,"column":48},"skip":true},"53":{"start":{"line":192,"column":8},"end":{"line":192,"column":35},"skip":true},"54":{"start":{"line":193,"column":8},"end":{"line":193,"column":14},"skip":true}},"branchMap":{"1":{"line":25,"type":"binary-expr","locations":[{"start":{"line":25,"column":23},"end":{"line":25,"column":62}},{"start":{"line":26,"column":20},"end":{"line":26,"column":70}},{"start":{"line":27,"column":20},"end":{"line":27,"column":71}},{"start":{"line":28,"column":20},"end":{"line":28,"column":29}}]},"2":{"line":30,"type":"binary-expr","locations":[{"start":{"line":30,"column":23},"end":{"line":30,"column":37}},{"start":{"line":31,"column":20},"end":{"line":31,"column":61}},{"start":{"line":32,"column":20},"end":{"line":32,"column":70}},{"start":{"line":33,"column":20},"end":{"line":33,"column":26}}]},"3":{"line":37,"type":"cond-expr","locations":[{"start":{"line":38,"column":14},"end":{"line":38,"column":20}},{"start":{"line":39,"column":14},"end":{"line":39,"column":20}}]},"4":{"line":40,"type":"switch","locations":[{"start":{"line":42,"column":8},"end":{"line":47,"column":18}},{"start":{"line":49,"column":8},"end":{"line":52,"column":18}}]},"5":{"line":44,"type":"binary-expr","locations":[{"start":{"line":44,"column":16},"end":{"line":44,"column":44}},{"start":{"line":44,"column":48},"end":{"line":44,"column":66}}]},"6":{"line":50,"type":"binary-expr","locations":[{"start":{"line":50,"column":21},"end":{"line":50,"column":49}},{"start":{"line":50,"column":53},"end":{"line":50,"column":72}}]},"7":{"line":64,"type":"switch","locations":[{"start":{"line":69,"column":4},"end":{"line":70,"column":14}},{"start":{"line":75,"column":4},"end":{"line":76,"column":14}}]},"8":{"line":85,"type":"switch","locations":[{"start":{"line":90,"column":4},"end":{"line":105,"column":14}},{"start":{"line":111,"column":4},"end":{"line":193,"column":14},"skip":true}]},"9":{"line":91,"type":"binary-expr","locations":[{"start":{"line":91,"column":42},"end":{"line":91,"column":73}},{"start":{"line":91,"column":77},"end":{"line":99,"column":9}}]},"10":{"line":102,"type":"binary-expr","locations":[{"start":{"line":102,"column":18},"end":{"line":102,"column":32}},{"start":{"line":103,"column":12},"end":{"line":103,"column":53}},{"start":{"line":104,"column":12},"end":{"line":104,"column":61}}]},"11":{"line":112,"type":"binary-expr","locations":[{"start":{"line":112,"column":45},"end":{"line":112,"column":79},"skip":true},{"start":{"line":112,"column":83},"end":{"line":121,"column":9},"skip":true}]},"12":{"line":123,"type":"binary-expr","locations":[{"start":{"line":123,"column":42},"end":{"line":123,"column":73},"skip":true},{"start":{"line":123,"column":77},"end":{"line":136,"column":9},"skip":true}]},"13":{"line":138,"type":"binary-expr","locations":[{"start":{"line":138,"column":48},"end":{"line":138,"column":85},"skip":true},{"start":{"line":139,"column":12},"end":{"line":145,"column":13},"skip":true}]},"14":{"line":147,"type":"binary-expr","locations":[{"start":{"line":147,"column":42},"end":{"line":147,"column":73},"skip":true},{"start":{"line":147,"column":77},"end":{"line":156,"column":9},"skip":true}]},"15":{"line":158,"type":"binary-expr","locations":[{"start":{"line":158,"column":45},"end":{"line":158,"column":79},"skip":true},{"start":{"line":158,"column":83},"end":{"line":167,"column":9},"skip":true}]},"16":{"line":169,"type":"binary-expr","locations":[{"start":{"line":169,"column":43},"end":{"line":169,"column":75},"skip":true},{"start":{"line":169,"column":79},"end":{"line":178,"column":9},"skip":true}]},"17":{"line":180,"type":"binary-expr","locations":[{"start":{"line":180,"column":41},"end":{"line":180,"column":71},"skip":true},{"start":{"line":180,"column":75},"end":{"line":189,"column":9},"skip":true}]}},"code":["/* istanbul instrument in package npmtest_imdone */","/*jslint","    bitwise: true,","    browser: true,","    maxerr: 8,","    maxlen: 96,","    node: true,","    nomen: true,","    regexp: true,","    stupid: true","*/","(function () {","    'use strict';","    var local;","","","","    // run shared js-env code - pre-init","    (function () {","        // init local","        local = {};","        // init modeJs","        local.modeJs = (function () {","            try {","                return typeof navigator.userAgent === 'string' &&","                    typeof document.querySelector('body') === 'object' &&","                    typeof XMLHttpRequest.prototype.open === 'function' &&","                    'browser';","            } catch (errorCaughtBrowser) {","                return module.exports &&","                    typeof process.versions.node === 'string' &&","                    typeof require('http').createServer === 'function' &&","                    'node';","            }","        }());","        // init global","        local.global = local.modeJs === 'browser'","            ? window","            : global;","        switch (local.modeJs) {","        // re-init local from window.local","        case 'browser':","            local = local.global.utility2.objectSetDefault(","                local.global.utility2_rollup || local.global.local,","                local.global.utility2","            );","            break;","        // re-init local from example.js","        case 'node':","            local = (local.global.utility2_rollup || require('utility2'))","                .requireExampleJsFromReadme();","            break;","        }","        // export local","        local.global.local = local;","    }());","","","","    // run shared js-env code - function","    (function () {","        return;","    }());","    switch (local.modeJs) {","","","","    // run browser js-env code - function","    case 'browser':","        break;","","","","    // run node js-env code - function","    case 'node':","        break;","    }","","","","    // run shared js-env code - post-init","    (function () {","        return;","    }());","    switch (local.modeJs) {","","","","    // run browser js-env code - post-init","    case 'browser':","        local.testCase_browser_nullCase = local.testCase_browser_nullCase || function (","            options,","            onError","        ) {","        /*","         * this function will test browsers's null-case handling-behavior-behavior","         */","            onError(null, options);","        };","","        // run tests","        local.nop(local.modeTest &&","            document.querySelector('#testRunButton1') &&","            document.querySelector('#testRunButton1').click());","        break;","","","","    // run node js-env code - post-init","    /* istanbul ignore next */","    case 'node':","        local.testCase_buildApidoc_default = local.testCase_buildApidoc_default || function (","            options,","            onError","        ) {","        /*","         * this function will test buildApidoc's default handling-behavior-behavior","         */","            options = { modulePathList: module.paths };","            local.buildApidoc(options, onError);","        };","","        local.testCase_buildApp_default = local.testCase_buildApp_default || function (","            options,","            onError","        ) {","        /*","         * this function will test buildApp's default handling-behavior-behavior","         */","            local.testCase_buildReadme_default(options, local.onErrorThrow);","            local.testCase_buildLib_default(options, local.onErrorThrow);","            local.testCase_buildTest_default(options, local.onErrorThrow);","            local.testCase_buildCustomOrg_default(options, local.onErrorThrow);","            options = [];","            local.buildApp(options, onError);","        };","","        local.testCase_buildCustomOrg_default = local.testCase_buildCustomOrg_default ||","            function (options, onError) {","            /*","             * this function will test buildCustomOrg's default handling-behavior","             */","                options = {};","                local.buildCustomOrg(options, onError);","            };","","        local.testCase_buildLib_default = local.testCase_buildLib_default || function (","            options,","            onError","        ) {","        /*","         * this function will test buildLib's default handling-behavior","         */","            options = {};","            local.buildLib(options, onError);","        };","","        local.testCase_buildReadme_default = local.testCase_buildReadme_default || function (","            options,","            onError","        ) {","        /*","         * this function will test buildReadme's default handling-behavior-behavior","         */","            options = {};","            local.buildReadme(options, onError);","        };","","        local.testCase_buildTest_default = local.testCase_buildTest_default || function (","            options,","            onError","        ) {","        /*","         * this function will test buildTest's default handling-behavior","         */","            options = {};","            local.buildTest(options, onError);","        };","","        local.testCase_webpage_default = local.testCase_webpage_default || function (","            options,","            onError","        ) {","        /*","         * this function will test webpage's default handling-behavior","         */","            options = { modeCoverageMerge: true, url: local.serverLocalHost + '?modeTest=1' };","            local.browserTest(options, onError);","        };","","        // run test-server","        local.testRunServer(local);","        break;","    }","}());",""],"l":{"12":2,"14":2,"19":2,"21":2,"23":2,"24":2,"25":2,"30":1,"37":2,"40":2,"43":1,"47":1,"50":1,"52":1,"55":2,"61":2,"62":2,"64":2,"70":1,"76":1,"82":2,"83":2,"85":2,"91":1,"98":1,"102":1,"105":1,"112":1,"119":1,"120":1,"123":1,"130":1,"131":1,"132":1,"133":1,"134":1,"135":1,"138":1,"143":2,"144":2,"147":1,"154":2,"155":2,"158":1,"165":2,"166":2,"169":1,"176":2,"177":2,"180":1,"187":1,"188":1,"192":1,"193":1}},"/home/travis/build/npmtest/node-npmtest-imdone/lib.npmtest_imdone.js":{"path":"/home/travis/build/npmtest/node-npmtest-imdone/lib.npmtest_imdone.js","s":{"1":2,"2":2,"3":2,"4":2,"5":2,"6":2,"7":2,"8":1,"9":2,"10":2,"11":2,"12":2,"13":1,"14":1,"15":1,"16":1},"b":{"1":[2,1,1,1],"2":[1,1,1,1],"3":[1,1],"4":[2,2],"5":[1,1]},"f":{"1":2,"2":2,"3":2},"fnMap":{"1":{"name":"(anonymous_1)","line":12,"loc":{"start":{"line":12,"column":1},"end":{"line":12,"column":13}}},"2":{"name":"(anonymous_2)","line":19,"loc":{"start":{"line":19,"column":5},"end":{"line":19,"column":17}}},"3":{"name":"(anonymous_3)","line":23,"loc":{"start":{"line":23,"column":24},"end":{"line":23,"column":36}}}},"statementMap":{"1":{"start":{"line":12,"column":0},"end":{"line":53,"column":5}},"2":{"start":{"line":14,"column":4},"end":{"line":14,"column":14}},"3":{"start":{"line":19,"column":4},"end":{"line":52,"column":9}},"4":{"start":{"line":21,"column":8},"end":{"line":21,"column":19}},"5":{"start":{"line":23,"column":8},"end":{"line":35,"column":13}},"6":{"start":{"line":24,"column":12},"end":{"line":34,"column":13}},"7":{"start":{"line":25,"column":16},"end":{"line":28,"column":30}},"8":{"start":{"line":30,"column":16},"end":{"line":33,"column":27}},"9":{"start":{"line":37,"column":8},"end":{"line":39,"column":21}},"10":{"start":{"line":41,"column":8},"end":{"line":41,"column":54}},"11":{"start":{"line":43,"column":8},"end":{"line":43,"column":51}},"12":{"start":{"line":45,"column":8},"end":{"line":51,"column":9}},"13":{"start":{"line":46,"column":12},"end":{"line":46,"column":57}},"14":{"start":{"line":48,"column":12},"end":{"line":48,"column":35}},"15":{"start":{"line":49,"column":12},"end":{"line":49,"column":49}},"16":{"start":{"line":50,"column":12},"end":{"line":50,"column":43}}},"branchMap":{"1":{"line":25,"type":"binary-expr","locations":[{"start":{"line":25,"column":23},"end":{"line":25,"column":62}},{"start":{"line":26,"column":20},"end":{"line":26,"column":70}},{"start":{"line":27,"column":20},"end":{"line":27,"column":71}},{"start":{"line":28,"column":20},"end":{"line":28,"column":29}}]},"2":{"line":30,"type":"binary-expr","locations":[{"start":{"line":30,"column":23},"end":{"line":30,"column":37}},{"start":{"line":31,"column":20},"end":{"line":31,"column":61}},{"start":{"line":32,"column":20},"end":{"line":32,"column":70}},{"start":{"line":33,"column":20},"end":{"line":33,"column":26}}]},"3":{"line":37,"type":"cond-expr","locations":[{"start":{"line":38,"column":14},"end":{"line":38,"column":20}},{"start":{"line":39,"column":14},"end":{"line":39,"column":20}}]},"4":{"line":41,"type":"binary-expr","locations":[{"start":{"line":41,"column":16},"end":{"line":41,"column":44}},{"start":{"line":41,"column":48},"end":{"line":41,"column":53}}]},"5":{"line":45,"type":"if","locations":[{"start":{"line":45,"column":8},"end":{"line":45,"column":8}},{"start":{"line":45,"column":8},"end":{"line":45,"column":8}}]}},"code":["/* istanbul instrument in package npmtest_imdone */","/*jslint","    bitwise: true,","    browser: true,","    maxerr: 8,","    maxlen: 96,","    node: true,","    nomen: true,","    regexp: true,","    stupid: true","*/","(function () {","    'use strict';","    var local;","","","","    // run shared js-env code - pre-init","    (function () {","        // init local","        local = {};","        // init modeJs","        local.modeJs = (function () {","            try {","                return typeof navigator.userAgent === 'string' &&","                    typeof document.querySelector('body') === 'object' &&","                    typeof XMLHttpRequest.prototype.open === 'function' &&","                    'browser';","            } catch (errorCaughtBrowser) {","                return module.exports &&","                    typeof process.versions.node === 'string' &&","                    typeof require('http').createServer === 'function' &&","                    'node';","            }","        }());","        // init global","        local.global = local.modeJs === 'browser'","            ? window","            : global;","        // init utility2_rollup","        local = local.global.utility2_rollup || local;","        // init lib","        local.local = local.npmtest_imdone = local;","        // init exports","        if (local.modeJs === 'browser') {","            local.global.utility2_npmtest_imdone = local;","        } else {","            module.exports = local;","            module.exports.__dirname = __dirname;","            module.exports.module = module;","        }","    }());","}());",""],"l":{"12":2,"14":2,"19":2,"21":2,"23":2,"24":2,"25":2,"30":1,"37":2,"41":2,"43":2,"45":2,"46":1,"48":1,"49":1,"50":1}},"/home/travis/build/npmtest/node-npmtest-imdone/example.js":{"path":"/home/travis/build/npmtest/node-npmtest-imdone/example.js","s":{"1":2,"2":2,"3":2,"4":2,"5":2,"6":2,"7":2,"8":1,"9":2,"10":2,"11":2,"12":2,"13":1,"14":2,"15":2,"16":2,"17":2,"18":2,"19":0,"20":2,"21":1,"22":1,"23":1,"24":1,"25":1,"26":0,"27":0,"28":1,"29":1,"30":2,"31":0,"32":0,"33":0,"34":1,"35":2,"36":2,"37":3,"38":3,"39":3,"40":3,"41":0,"42":3,"43":3,"44":3,"45":1,"46":3,"47":1,"48":1,"49":1,"50":1,"51":1,"52":1,"53":1,"54":1,"55":1,"56":1,"57":0,"58":1,"59":6,"60":6,"61":1,"62":2,"63":0,"64":2,"65":1,"66":1,"67":0,"68":0,"69":0,"70":0,"71":0,"72":0,"73":0,"74":0,"75":0,"76":0,"77":0,"78":0,"79":0,"80":0,"81":0,"82":0,"83":0},"b":{"1":[2,1,1,1],"2":[1,1,1,1],"3":[1,1],"4":[2,2],"5":[1,1],"6":[1,1],"7":[2,0],"8":[2,1,1,1,1,1],"9":[0,2,0],"10":[1,1],"11":[2,1,1],"12":[1,0],"13":[0,2],"14":[2,0,0,0,0,0,0],"15":[0,3],"16":[3,0],"17":[1,1],"18":[0,1],"19":[1,2,0,2],"20":[1,0],"21":[1,1],"22":[0,0],"23":[0,0],"24":[0,0],"25":[0,0],"26":[0,0],"27":[0,0],"28":[0,0]},"f":{"1":2,"2":2,"3":2,"4":2,"5":2,"6":2,"7":3,"8":3,"9":3,"10":1,"11":6,"12":0},"fnMap":{"1":{"name":"(anonymous_1)","line":26,"loc":{"start":{"line":26,"column":1},"end":{"line":26,"column":13}}},"2":{"name":"(anonymous_2)","line":33,"loc":{"start":{"line":33,"column":5},"end":{"line":33,"column":17}}},"3":{"name":"(anonymous_3)","line":37,"loc":{"start":{"line":37,"column":24},"end":{"line":37,"column":36}}},"4":{"name":"(anonymous_4)","line":69,"loc":{"start":{"line":69,"column":31},"end":{"line":69,"column":48}},"skip":true},"5":{"name":"(anonymous_5)","line":78,"loc":{"start":{"line":78,"column":26},"end":{"line":78,"column":45}},"skip":true},"6":{"name":"(anonymous_6)","line":123,"loc":{"start":{"line":123,"column":33},"end":{"line":123,"column":48}},"skip":true},"7":{"name":"(anonymous_7)","line":125,"loc":{"start":{"line":125,"column":27},"end":{"line":125,"column":39}},"skip":true},"8":{"name":"(anonymous_8)","line":133,"loc":{"start":{"line":133,"column":59},"end":{"line":133,"column":74}},"skip":true},"9":{"name":"(anonymous_9)","line":143,"loc":{"start":{"line":143,"column":45},"end":{"line":143,"column":62}},"skip":true},"10":{"name":"(anonymous_10)","line":144,"loc":{"start":{"line":144,"column":73},"end":{"line":144,"column":92}},"skip":true},"11":{"name":"(anonymous_11)","line":272,"loc":{"start":{"line":272,"column":51},"end":{"line":272,"column":77}},"skip":true},"12":{"name":"(anonymous_12)","line":315,"loc":{"start":{"line":315,"column":32},"end":{"line":315,"column":61}},"skip":true}},"statementMap":{"1":{"start":{"line":26,"column":0},"end":{"line":326,"column":5}},"2":{"start":{"line":28,"column":4},"end":{"line":28,"column":14}},"3":{"start":{"line":33,"column":4},"end":{"line":60,"column":9}},"4":{"start":{"line":35,"column":8},"end":{"line":35,"column":19}},"5":{"start":{"line":37,"column":8},"end":{"line":49,"column":13}},"6":{"start":{"line":38,"column":12},"end":{"line":48,"column":13}},"7":{"start":{"line":39,"column":16},"end":{"line":42,"column":30}},"8":{"start":{"line":44,"column":16},"end":{"line":47,"column":27}},"9":{"start":{"line":51,"column":8},"end":{"line":53,"column":21}},"10":{"start":{"line":55,"column":8},"end":{"line":57,"column":45}},"11":{"start":{"line":59,"column":8},"end":{"line":59,"column":35}},"12":{"start":{"line":61,"column":4},"end":{"line":325,"column":5}},"13":{"start":{"line":69,"column":8},"end":{"line":121,"column":10},"skip":true},"14":{"start":{"line":70,"column":12},"end":{"line":88,"column":13},"skip":true},"15":{"start":{"line":76,"column":16},"end":{"line":87,"column":19},"skip":true},"16":{"start":{"line":79,"column":20},"end":{"line":86,"column":21},"skip":true},"17":{"start":{"line":82,"column":24},"end":{"line":82,"column":43},"skip":true},"18":{"start":{"line":83,"column":24},"end":{"line":83,"column":30},"skip":true},"19":{"start":{"line":85,"column":24},"end":{"line":85,"column":49},"skip":true},"20":{"start":{"line":89,"column":12},"end":{"line":107,"column":13},"skip":true},"21":{"start":{"line":92,"column":16},"end":{"line":102,"column":17},"skip":true},"22":{"start":{"line":93,"column":20},"end":{"line":93,"column":86},"skip":true},"23":{"start":{"line":94,"column":20},"end":{"line":95,"column":45},"skip":true},"24":{"start":{"line":96,"column":20},"end":{"line":96,"column":42},"skip":true},"25":{"start":{"line":97,"column":20},"end":{"line":97,"column":48},"skip":true},"26":{"start":{"line":100,"column":20},"end":{"line":100,"column":85},"skip":true},"27":{"start":{"line":101,"column":20},"end":{"line":101,"column":96},"skip":true},"28":{"start":{"line":103,"column":16},"end":{"line":103,"column":22},"skip":true},"29":{"start":{"line":106,"column":16},"end":{"line":106,"column":22},"skip":true},"30":{"start":{"line":108,"column":12},"end":{"line":120,"column":13},"skip":true},"31":{"start":{"line":114,"column":16},"end":{"line":119,"column":17},"skip":true},"32":{"start":{"line":116,"column":20},"end":{"line":116,"column":78},"skip":true},"33":{"start":{"line":118,"column":20},"end":{"line":118,"column":47},"skip":true},"34":{"start":{"line":123,"column":8},"end":{"line":141,"column":11},"skip":true},"35":{"start":{"line":124,"column":12},"end":{"line":124,"column":54},"skip":true},"36":{"start":{"line":125,"column":12},"end":{"line":140,"column":14},"skip":true},"37":{"start":{"line":126,"column":16},"end":{"line":126,"column":28},"skip":true},"38":{"start":{"line":127,"column":16},"end":{"line":127,"column":69},"skip":true},"39":{"start":{"line":128,"column":16},"end":{"line":128,"column":75},"skip":true},"40":{"start":{"line":129,"column":16},"end":{"line":131,"column":17},"skip":true},"41":{"start":{"line":130,"column":20},"end":{"line":130,"column":27},"skip":true},"42":{"start":{"line":133,"column":16},"end":{"line":137,"column":36},"skip":true},"43":{"start":{"line":134,"column":20},"end":{"line":136,"column":55},"skip":true},"44":{"start":{"line":139,"column":16},"end":{"line":139,"column":57},"skip":true},"45":{"start":{"line":143,"column":8},"end":{"line":147,"column":11},"skip":true},"46":{"start":{"line":144,"column":12},"end":{"line":146,"column":15},"skip":true},"47":{"start":{"line":145,"column":16},"end":{"line":145,"column":70},"skip":true},"48":{"start":{"line":149,"column":8},"end":{"line":149,"column":31},"skip":true},"49":{"start":{"line":150,"column":8},"end":{"line":150,"column":14},"skip":true},"50":{"start":{"line":158,"column":8},"end":{"line":158,"column":31},"skip":true},"51":{"start":{"line":160,"column":8},"end":{"line":160,"column":33},"skip":true},"52":{"start":{"line":161,"column":8},"end":{"line":161,"column":37},"skip":true},"53":{"start":{"line":162,"column":8},"end":{"line":162,"column":35},"skip":true},"54":{"start":{"line":164,"column":8},"end":{"line":164,"column":50},"skip":true},"55":{"start":{"line":166,"column":8},"end":{"line":256,"column":2},"skip":true},"56":{"start":{"line":258,"column":8},"end":{"line":286,"column":9},"skip":true},"57":{"start":{"line":259,"column":12},"end":{"line":269,"column":14},"skip":true},"58":{"start":{"line":271,"column":12},"end":{"line":285,"column":19},"skip":true},"59":{"start":{"line":274,"column":20},"end":{"line":274,"column":35},"skip":true},"60":{"start":{"line":275,"column":20},"end":{"line":284,"column":21},"skip":true},"61":{"start":{"line":277,"column":24},"end":{"line":277,"column":64},"skip":true},"62":{"start":{"line":279,"column":24},"end":{"line":279,"column":40},"skip":true},"63":{"start":{"line":281,"column":24},"end":{"line":281,"column":40},"skip":true},"64":{"start":{"line":283,"column":24},"end":{"line":283,"column":39},"skip":true},"65":{"start":{"line":288,"column":8},"end":{"line":290,"column":9},"skip":true},"66":{"start":{"line":289,"column":12},"end":{"line":289,"column":18},"skip":true},"67":{"start":{"line":291,"column":8},"end":{"line":293,"column":54},"skip":true},"68":{"start":{"line":296,"column":8},"end":{"line":301,"column":37},"skip":true},"69":{"start":{"line":303,"column":8},"end":{"line":303,"column":82},"skip":true},"70":{"start":{"line":306,"column":8},"end":{"line":308,"column":9},"skip":true},"71":{"start":{"line":307,"column":12},"end":{"line":307,"column":82},"skip":true},"72":{"start":{"line":310,"column":8},"end":{"line":312,"column":9},"skip":true},"73":{"start":{"line":311,"column":12},"end":{"line":311,"column":18},"skip":true},"74":{"start":{"line":313,"column":8},"end":{"line":313,"column":54},"skip":true},"75":{"start":{"line":314,"column":8},"end":{"line":314,"column":69},"skip":true},"76":{"start":{"line":315,"column":8},"end":{"line":323,"column":36},"skip":true},"77":{"start":{"line":316,"column":12},"end":{"line":316,"column":61},"skip":true},"78":{"start":{"line":317,"column":12},"end":{"line":320,"column":13},"skip":true},"79":{"start":{"line":318,"column":16},"end":{"line":318,"column":75},"skip":true},"80":{"start":{"line":319,"column":16},"end":{"line":319,"column":23},"skip":true},"81":{"start":{"line":321,"column":12},"end":{"line":321,"column":38},"skip":true},"82":{"start":{"line":322,"column":12},"end":{"line":322,"column":27},"skip":true},"83":{"start":{"line":324,"column":8},"end":{"line":324,"column":14},"skip":true}},"branchMap":{"1":{"line":39,"type":"binary-expr","locations":[{"start":{"line":39,"column":23},"end":{"line":39,"column":62}},{"start":{"line":40,"column":20},"end":{"line":40,"column":70}},{"start":{"line":41,"column":20},"end":{"line":41,"column":71}},{"start":{"line":42,"column":20},"end":{"line":42,"column":29}}]},"2":{"line":44,"type":"binary-expr","locations":[{"start":{"line":44,"column":23},"end":{"line":44,"column":37}},{"start":{"line":45,"column":20},"end":{"line":45,"column":61}},{"start":{"line":46,"column":20},"end":{"line":46,"column":70}},{"start":{"line":47,"column":20},"end":{"line":47,"column":26}}]},"3":{"line":51,"type":"cond-expr","locations":[{"start":{"line":52,"column":14},"end":{"line":52,"column":20}},{"start":{"line":53,"column":14},"end":{"line":53,"column":20}}]},"4":{"line":55,"type":"binary-expr","locations":[{"start":{"line":55,"column":16},"end":{"line":55,"column":44}},{"start":{"line":55,"column":49},"end":{"line":57,"column":43}}]},"5":{"line":55,"type":"cond-expr","locations":[{"start":{"line":56,"column":14},"end":{"line":56,"column":50}},{"start":{"line":57,"column":14},"end":{"line":57,"column":43}}]},"6":{"line":61,"type":"switch","locations":[{"start":{"line":68,"column":4},"end":{"line":150,"column":14},"skip":true},{"start":{"line":156,"column":4},"end":{"line":324,"column":14},"skip":true}]},"7":{"line":70,"type":"if","locations":[{"start":{"line":70,"column":12},"end":{"line":70,"column":12},"skip":true},{"start":{"line":70,"column":12},"end":{"line":70,"column":12},"skip":true}]},"8":{"line":70,"type":"binary-expr","locations":[{"start":{"line":70,"column":16},"end":{"line":70,"column":22},"skip":true},{"start":{"line":70,"column":27},"end":{"line":70,"column":32},"skip":true},{"start":{"line":71,"column":20},"end":{"line":71,"column":39},"skip":true},{"start":{"line":72,"column":20},"end":{"line":72,"column":49},"skip":true},{"start":{"line":73,"column":20},"end":{"line":73,"column":58},"skip":true},{"start":{"line":74,"column":20},"end":{"line":74,"column":69},"skip":true}]},"9":{"line":79,"type":"switch","locations":[{"start":{"line":80,"column":20},"end":{"line":80,"column":33},"skip":true},{"start":{"line":81,"column":20},"end":{"line":83,"column":30},"skip":true},{"start":{"line":84,"column":20},"end":{"line":85,"column":49},"skip":true}]},"10":{"line":89,"type":"switch","locations":[{"start":{"line":90,"column":12},"end":{"line":103,"column":22},"skip":true},{"start":{"line":105,"column":12},"end":{"line":106,"column":22},"skip":true}]},"11":{"line":89,"type":"binary-expr","locations":[{"start":{"line":89,"column":20},"end":{"line":89,"column":25},"skip":true},{"start":{"line":89,"column":29},"end":{"line":89,"column":48},"skip":true},{"start":{"line":89,"column":52},"end":{"line":89,"column":74},"skip":true}]},"12":{"line":92,"type":"if","locations":[{"start":{"line":92,"column":16},"end":{"line":92,"column":16},"skip":true},{"start":{"line":92,"column":16},"end":{"line":92,"column":16},"skip":true}]},"13":{"line":108,"type":"if","locations":[{"start":{"line":108,"column":12},"end":{"line":108,"column":12},"skip":true},{"start":{"line":108,"column":12},"end":{"line":108,"column":12},"skip":true}]},"14":{"line":108,"type":"binary-expr","locations":[{"start":{"line":108,"column":16},"end":{"line":108,"column":61},"skip":true},{"start":{"line":108,"column":66},"end":{"line":108,"column":72},"skip":true},{"start":{"line":108,"column":77},"end":{"line":108,"column":82},"skip":true},{"start":{"line":109,"column":20},"end":{"line":109,"column":39},"skip":true},{"start":{"line":110,"column":20},"end":{"line":110,"column":49},"skip":true},{"start":{"line":111,"column":20},"end":{"line":111,"column":58},"skip":true},{"start":{"line":112,"column":20},"end":{"line":112,"column":68},"skip":true}]},"15":{"line":129,"type":"if","locations":[{"start":{"line":129,"column":16},"end":{"line":129,"column":16},"skip":true},{"start":{"line":129,"column":16},"end":{"line":129,"column":16},"skip":true}]},"16":{"line":134,"type":"cond-expr","locations":[{"start":{"line":135,"column":26},"end":{"line":135,"column":29},"skip":true},{"start":{"line":136,"column":26},"end":{"line":136,"column":54},"skip":true}]},"17":{"line":164,"type":"binary-expr","locations":[{"start":{"line":164,"column":27},"end":{"line":164,"column":43},"skip":true},{"start":{"line":164,"column":47},"end":{"line":164,"column":49},"skip":true}]},"18":{"line":258,"type":"if","locations":[{"start":{"line":258,"column":8},"end":{"line":258,"column":8},"skip":true},{"start":{"line":258,"column":8},"end":{"line":258,"column":8},"skip":true}]},"19":{"line":275,"type":"switch","locations":[{"start":{"line":276,"column":20},"end":{"line":277,"column":64},"skip":true},{"start":{"line":278,"column":20},"end":{"line":279,"column":40},"skip":true},{"start":{"line":280,"column":20},"end":{"line":281,"column":40},"skip":true},{"start":{"line":282,"column":20},"end":{"line":283,"column":39},"skip":true}]},"20":{"line":288,"type":"if","locations":[{"start":{"line":288,"column":8},"end":{"line":288,"column":8},"skip":true},{"start":{"line":288,"column":8},"end":{"line":288,"column":8},"skip":true}]},"21":{"line":288,"type":"binary-expr","locations":[{"start":{"line":288,"column":12},"end":{"line":288,"column":40},"skip":true},{"start":{"line":288,"column":44},"end":{"line":288,"column":67},"skip":true}]},"22":{"line":292,"type":"binary-expr","locations":[{"start":{"line":292,"column":12},"end":{"line":292,"column":50},"skip":true},{"start":{"line":293,"column":12},"end":{"line":293,"column":53},"skip":true}]},"23":{"line":297,"type":"binary-expr","locations":[{"start":{"line":297,"column":12},"end":{"line":297,"column":64},"skip":true},{"start":{"line":298,"column":12},"end":{"line":301,"column":36},"skip":true}]},"24":{"line":303,"type":"binary-expr","locations":[{"start":{"line":303,"column":43},"end":{"line":303,"column":75},"skip":true},{"start":{"line":303,"column":79},"end":{"line":303,"column":81},"skip":true}]},"25":{"line":306,"type":"if","locations":[{"start":{"line":306,"column":8},"end":{"line":306,"column":8},"skip":true},{"start":{"line":306,"column":8},"end":{"line":306,"column":8},"skip":true}]},"26":{"line":310,"type":"if","locations":[{"start":{"line":310,"column":8},"end":{"line":310,"column":8},"skip":true},{"start":{"line":310,"column":8},"end":{"line":310,"column":8},"skip":true}]},"27":{"line":313,"type":"binary-expr","locations":[{"start":{"line":313,"column":27},"end":{"line":313,"column":43},"skip":true},{"start":{"line":313,"column":47},"end":{"line":313,"column":53},"skip":true}]},"28":{"line":317,"type":"if","locations":[{"start":{"line":317,"column":12},"end":{"line":317,"column":12},"skip":true},{"start":{"line":317,"column":12},"end":{"line":317,"column":12},"skip":true}]}},"code":["/*","example.js","","quickstart example","","instruction","    1. save this script as example.js","    2. run the shell command:","        $ npm install npmtest-imdone && PORT=8081 node example.js","    3. play with the browser-demo on http://127.0.0.1:8081","*/","","","","/* istanbul instrument in package npmtest_imdone */","/*jslint","    bitwise: true,","    browser: true,","    maxerr: 8,","    maxlen: 96,","    node: true,","    nomen: true,","    regexp: true,","    stupid: true","*/","(function () {","    'use strict';","    var local;","","","","    // run shared js-env code - pre-init","    (function () {","        // init local","        local = {};","        // init modeJs","        local.modeJs = (function () {","            try {","                return typeof navigator.userAgent === 'string' &&","                    typeof document.querySelector('body') === 'object' &&","                    typeof XMLHttpRequest.prototype.open === 'function' &&","                    'browser';","            } catch (errorCaughtBrowser) {","                return module.exports &&","                    typeof process.versions.node === 'string' &&","                    typeof require('http').createServer === 'function' &&","                    'node';","            }","        }());","        // init global","        local.global = local.modeJs === 'browser'","            ? window","            : global;","        // init utility2_rollup","        local = local.global.utility2_rollup || (local.modeJs === 'browser'","            ? local.global.utility2_npmtest_imdone","            : global.utility2_moduleExports);","        // export local","        local.global.local = local;","    }());","    switch (local.modeJs) {","","","","    // post-init","    // run browser js-env code - post-init","    /* istanbul ignore next */","    case 'browser':","        local.testRunBrowser = function (event) {","            if (!event || (event &&","                    event.currentTarget &&","                    event.currentTarget.className &&","                    event.currentTarget.className.includes &&","                    event.currentTarget.className.includes('onreset'))) {","                // reset output","                Array.from(","                    document.querySelectorAll('body > .resettable')","                ).forEach(function (element) {","                    switch (element.tagName) {","                    case 'INPUT':","                    case 'TEXTAREA':","                        element.value = '';","                        break;","                    default:","                        element.textContent = '';","                    }","                });","            }","            switch (event && event.currentTarget && event.currentTarget.id) {","            case 'testRunButton1':","                // show tests","                if (document.querySelector('#testReportDiv1').style.display === 'none') {","                    document.querySelector('#testReportDiv1').style.display = 'block';","                    document.querySelector('#testRunButton1').textContent =","                        'hide internal test';","                    local.modeTest = true;","                    local.testRunDefault(local);","                // hide tests","                } else {","                    document.querySelector('#testReportDiv1').style.display = 'none';","                    document.querySelector('#testRunButton1').textContent = 'run internal test';","                }","                break;","            // custom-case","            default:","                break;","            }","            if (document.querySelector('#inputTextareaEval1') && (!event || (event &&","                    event.currentTarget &&","                    event.currentTarget.className &&","                    event.currentTarget.className.includes &&","                    event.currentTarget.className.includes('oneval')))) {","                // try to eval input-code","                try {","                    /*jslint evil: true*/","                    eval(document.querySelector('#inputTextareaEval1').value);","                } catch (errorCaught) {","                    console.error(errorCaught);","                }","            }","        };","        // log stderr and stdout to #outputTextareaStdout1","        ['error', 'log'].forEach(function (key) {","            console[key + '_original'] = console[key];","            console[key] = function () {","                var element;","                console[key + '_original'].apply(console, arguments);","                element = document.querySelector('#outputTextareaStdout1');","                if (!element) {","                    return;","                }","                // append text to #outputTextareaStdout1","                element.value += Array.from(arguments).map(function (arg) {","                    return typeof arg === 'string'","                        ? arg","                        : JSON.stringify(arg, null, 4);","                }).join(' ') + '\\n';","                // scroll textarea to bottom","                element.scrollTop = element.scrollHeight;","            };","        });","        // init event-handling","        ['change', 'click', 'keyup'].forEach(function (event) {","            Array.from(document.querySelectorAll('.on' + event)).forEach(function (element) {","                element.addEventListener(event, local.testRunBrowser);","            });","        });","        // run tests","        local.testRunBrowser();","        break;","","","","    // run node js-env code - post-init","    /* istanbul ignore next */","    case 'node':","        // export local","        module.exports = local;","        // require modules","        local.fs = require('fs');","        local.http = require('http');","        local.url = require('url');","        // init assets","        local.assetsDict = local.assetsDict || {};","        /* jslint-ignore-begin */","        local.assetsDict['/assets.index.template.html'] = '\\","<!doctype html>\\n\\","<html lang=\"en\">\\n\\","<head>\\n\\","<meta charset=\"UTF-8\">\\n\\","<meta name=\"viewport\" content=\"width=device-width, initial-scale=1\">\\n\\","<title>{{env.npm_package_name}} (v{{env.npm_package_version}})</title>\\n\\","<style>\\n\\","/*csslint\\n\\","    box-sizing: false,\\n\\","    universal-selector: false\\n\\","*/\\n\\","* {\\n\\","    box-sizing: border-box;\\n\\","}\\n\\","body {\\n\\","    background: #dde;\\n\\","    font-family: Arial, Helvetica, sans-serif;\\n\\","    margin: 2rem;\\n\\","}\\n\\","body > * {\\n\\","    margin-bottom: 1rem;\\n\\","}\\n\\",".utility2FooterDiv {\\n\\","    margin-top: 20px;\\n\\","    text-align: center;\\n\\","}\\n\\","</style>\\n\\","<style>\\n\\","/*csslint\\n\\","*/\\n\\","textarea {\\n\\","    font-family: monospace;\\n\\","    height: 10rem;\\n\\","    width: 100%;\\n\\","}\\n\\","textarea[readonly] {\\n\\","    background: #ddd;\\n\\","}\\n\\","</style>\\n\\","</head>\\n\\","<body>\\n\\","<!-- utility2-comment\\n\\","<div id=\"ajaxProgressDiv1\" style=\"background: #d00; height: 2px; left: 0; margin: 0; padding: 0; position: fixed; top: 0; transition: background 0.5s, width 1.5s; width: 25%;\"></div>\\n\\","utility2-comment -->\\n\\","<h1>\\n\\","<!-- utility2-comment\\n\\","    <a\\n\\","        {{#if env.npm_package_homepage}}\\n\\","        href=\"{{env.npm_package_homepage}}\"\\n\\","        {{/if env.npm_package_homepage}}\\n\\","        target=\"_blank\"\\n\\","    >\\n\\","utility2-comment -->\\n\\","        {{env.npm_package_name}} (v{{env.npm_package_version}})\\n\\","<!-- utility2-comment\\n\\","    </a>\\n\\","utility2-comment -->\\n\\","</h1>\\n\\","<h3>{{env.npm_package_description}}</h3>\\n\\","<!-- utility2-comment\\n\\","<h4><a download href=\"assets.app.js\">download standalone app</a></h4>\\n\\","<button class=\"onclick onreset\" id=\"testRunButton1\">run internal test</button><br>\\n\\","<div id=\"testReportDiv1\" style=\"display: none;\"></div>\\n\\","utility2-comment -->\\n\\","\\n\\","\\n\\","\\n\\","<label>stderr and stdout</label>\\n\\","<textarea class=\"resettable\" id=\"outputTextareaStdout1\" readonly></textarea>\\n\\","<!-- utility2-comment\\n\\","{{#if isRollup}}\\n\\","<script src=\"assets.app.js\"></script>\\n\\","{{#unless isRollup}}\\n\\","utility2-comment -->\\n\\","<script src=\"assets.utility2.rollup.js\"></script>\\n\\","<script src=\"jsonp.utility2._stateInit?callback=window.utility2._stateInit\"></script>\\n\\","<script src=\"assets.npmtest_imdone.rollup.js\"></script>\\n\\","<script src=\"assets.example.js\"></script>\\n\\","<script src=\"assets.test.js\"></script>\\n\\","<!-- utility2-comment\\n\\","{{/if isRollup}}\\n\\","utility2-comment -->\\n\\","<div class=\"utility2FooterDiv\">\\n\\","    [ this app was created with\\n\\","    <a href=\"https://github.com/kaizhu256/node-utility2\" target=\"_blank\">utility2</a>\\n\\","    ]\\n\\","</div>\\n\\","</body>\\n\\","</html>\\n\\","';","        /* jslint-ignore-end */","        if (local.templateRender) {","            local.assetsDict['/'] = local.templateRender(","                local.assetsDict['/assets.index.template.html'],","                {","                    env: local.objectSetDefault(local.env, {","                        npm_package_description: 'the greatest app in the world!',","                        npm_package_name: 'my-app',","                        npm_package_nameAlias: 'my_app',","                        npm_package_version: '0.0.1'","                    })","                }","            );","        } else {","            local.assetsDict['/'] = local.assetsDict['/assets.index.template.html']","                .replace((/\\{\\{env\\.(\\w+?)\\}\\}/g), function (match0, match1) {","                    // jslint-hack","                    String(match0);","                    switch (match1) {","                    case 'npm_package_description':","                        return 'the greatest app in the world!';","                    case 'npm_package_name':","                        return 'my-app';","                    case 'npm_package_nameAlias':","                        return 'my_app';","                    case 'npm_package_version':","                        return '0.0.1';","                    }","                });","        }","        // run the cli","        if (local.global.utility2_rollup || module !== require.main) {","            break;","        }","        local.assetsDict['/assets.example.js'] =","            local.assetsDict['/assets.example.js'] ||","            local.fs.readFileSync(__filename, 'utf8');","        // bug-workaround - long $npm_package_buildCustomOrg","        /* jslint-ignore-begin */","        local.assetsDict['/assets.npmtest_imdone.rollup.js'] =","            local.assetsDict['/assets.npmtest_imdone.rollup.js'] ||","            local.fs.readFileSync(","                local.npmtest_imdone.__dirname + '/lib.npmtest_imdone.js',","                'utf8'","            ).replace((/^#!/), '//');","        /* jslint-ignore-end */","        local.assetsDict['/favicon.ico'] = local.assetsDict['/favicon.ico'] || '';","        // if $npm_config_timeout_exit exists,","        // then exit this process after $npm_config_timeout_exit ms","        if (Number(process.env.npm_config_timeout_exit)) {","            setTimeout(process.exit, Number(process.env.npm_config_timeout_exit));","        }","        // start server","        if (local.global.utility2_serverHttp1) {","            break;","        }","        process.env.PORT = process.env.PORT || '8081';","        console.error('server starting on port ' + process.env.PORT);","        local.http.createServer(function (request, response) {","            request.urlParsed = local.url.parse(request.url);","            if (local.assetsDict[request.urlParsed.pathname] !== undefined) {","                response.end(local.assetsDict[request.urlParsed.pathname]);","                return;","            }","            response.statusCode = 404;","            response.end();","        }).listen(process.env.PORT);","        break;","    }","}());",""],"l":{"26":2,"28":2,"33":2,"35":2,"37":2,"38":2,"39":2,"44":1,"51":2,"55":2,"59":2,"61":2,"69":1,"70":2,"76":2,"79":2,"82":2,"83":2,"85":1,"89":2,"92":1,"93":1,"94":1,"96":1,"97":1,"100":1,"101":1,"103":1,"106":1,"108":2,"114":1,"116":1,"118":1,"123":1,"124":2,"125":2,"126":3,"127":3,"128":3,"129":3,"130":1,"133":3,"134":3,"139":3,"143":1,"144":3,"145":1,"149":1,"150":1,"158":1,"160":1,"161":1,"162":1,"164":1,"166":1,"258":1,"259":1,"271":1,"274":6,"275":6,"277":1,"279":2,"281":1,"283":2,"288":1,"289":1,"291":1,"296":1,"303":1,"306":1,"307":1,"310":1,"311":1,"313":1,"314":1,"315":1,"316":1,"317":1,"318":1,"319":1,"321":1,"322":1,"324":1}},"/home/travis/build/npmtest/node-npmtest-imdone/node_modules/imdone/server/imdone.js":{"path":"/home/travis/build/npmtest/node-npmtest-imdone/node_modules/imdone/server/imdone.js","s":{"1":1,"2":1,"3":1,"4":1,"5":1,"6":1,"7":1,"8":1,"9":1,"10":1,"11":1,"12":1,"13":1,"14":1,"15":1,"16":1,"17":1,"18":1,"19":1,"20":1,"21":1,"22":1,"23":1,"24":1,"25":1,"26":1,"27":1,"28":1,"29":1,"30":1,"31":1,"32":1,"33":1,"34":1,"35":1,"36":0,"37":1,"38":0,"39":0,"40":0,"41":0,"42":0,"43":0,"44":0,"45":0,"46":0,"47":1,"48":1,"49":1,"50":1,"51":1,"52":1,"53":1,"54":1,"55":1,"56":1,"57":0,"58":1,"59":1,"60":1,"61":1,"62":1,"63":1,"64":0,"65":0,"66":1,"67":1,"68":0,"69":1,"70":1,"71":0,"72":0,"73":0,"74":0,"75":0,"76":0,"77":0,"78":0,"79":0,"80":0,"81":0,"82":0,"83":1,"84":0,"85":1,"86":1,"87":0,"88":0,"89":0,"90":0,"91":0,"92":0,"93":0,"94":0,"95":1,"96":0,"97":0,"98":0,"99":0,"100":0,"101":0,"102":0,"103":0,"104":0,"105":0,"106":0,"107":0,"108":0,"109":0,"110":0,"111":0,"112":0,"113":0,"114":0,"115":0,"116":0,"117":0,"118":1,"119":0,"120":0,"121":0,"122":1,"123":0,"124":0,"125":0,"126":0,"127":1,"128":0,"129":0,"130":0,"131":0,"132":1,"133":0,"134":0,"135":0,"136":0,"137":1,"138":1,"139":0,"140":0,"141":0,"142":1,"143":0,"144":0,"145":0,"146":0,"147":0,"148":0,"149":0,"150":0,"151":0,"152":0,"153":0,"154":0,"155":0,"156":0,"157":0,"158":0,"159":0,"160":0,"161":0,"162":1,"163":1,"164":1,"165":0,"166":1,"167":1,"168":0,"169":1,"170":1,"171":1,"172":1,"173":1,"174":0,"175":0,"176":0,"177":0,"178":1,"179":0,"180":0,"181":0,"182":1,"183":0,"184":0,"185":0,"186":0,"187":0,"188":0,"189":0,"190":0,"191":0,"192":0,"193":1,"194":0,"195":1,"196":0,"197":0,"198":0,"199":0,"200":0,"201":1,"202":0,"203":0,"204":0,"205":0,"206":0,"207":0,"208":1,"209":0,"210":0,"211":0,"212":0,"213":0,"214":0,"215":1,"216":0,"217":0,"218":0,"219":0,"220":0,"221":0,"222":1,"223":0,"224":0,"225":0,"226":0,"227":0,"228":0,"229":0,"230":1,"231":0,"232":0,"233":0,"234":0,"235":0,"236":0,"237":0,"238":1,"239":0,"240":0,"241":0,"242":0,"243":0,"244":0,"245":0,"246":1,"247":0,"248":0,"249":0,"250":0,"251":0,"252":0,"253":1,"254":0,"255":0,"256":0,"257":0,"258":0,"259":0,"260":0,"261":0,"262":0,"263":0,"264":0,"265":0,"266":0,"267":0,"268":1,"269":0,"270":0,"271":0,"272":0,"273":0,"274":0,"275":0,"276":1,"277":0,"278":0,"279":0,"280":0,"281":0,"282":0,"283":0,"284":0,"285":0,"286":1,"287":0,"288":0,"289":0,"290":0,"291":0,"292":1,"293":0,"294":0,"295":0,"296":0,"297":1,"298":0,"299":0,"300":0,"301":0,"302":0,"303":0,"304":0,"305":0,"306":0,"307":0,"308":1,"309":0,"310":0,"311":0,"312":1,"313":0,"314":0,"315":0,"316":1,"317":0,"318":1},"b":{"1":[1,1],"2":[1,1],"3":[1,1],"4":[0,1],"5":[0,1],"6":[0,1],"7":[0,1],"8":[0,1],"9":[0,0],"10":[0,0],"11":[0,1],"12":[0,0],"13":[0,0],"14":[0,0],"15":[0,0],"16":[0,0],"17":[0,0],"18":[0,0],"19":[0,0],"20":[0,0],"21":[0,0],"22":[0,0],"23":[0,1],"24":[0,1],"25":[0,0],"26":[0,0],"27":[0,0],"28":[0,0],"29":[0,0],"30":[0,0],"31":[0,0],"32":[0,0],"33":[0,0],"34":[0,0],"35":[0,0],"36":[0,0],"37":[0,0],"38":[0,0],"39":[0,0],"40":[0,0],"41":[0,0],"42":[0,0],"43":[0,0],"44":[0,0],"45":[0,0],"46":[0,0],"47":[0,0],"48":[0,0],"49":[0,0],"50":[0,0],"51":[0,0],"52":[0,0],"53":[0,0],"54":[0,0],"55":[0,0],"56":[0,0],"57":[0,0],"58":[0,0],"59":[0,0],"60":[0,0],"61":[0,0],"62":[0,0],"63":[0,0],"64":[0,0],"65":[0,0],"66":[0,0],"67":[0,0]},"f":{"1":1,"2":0,"3":0,"4":1,"5":1,"6":1,"7":1,"8":0,"9":0,"10":0,"11":0,"12":0,"13":0,"14":0,"15":0,"16":0,"17":0,"18":0,"19":0,"20":0,"21":0,"22":0,"23":0,"24":0,"25":0,"26":0,"27":0,"28":0,"29":0,"30":0,"31":0,"32":1,"33":0,"34":0,"35":0,"36":0,"37":0,"38":0,"39":1,"40":1,"41":0,"42":0,"43":0,"44":0,"45":0,"46":0,"47":0,"48":0,"49":0,"50":0,"51":0,"52":0,"53":0,"54":0,"55":0,"56":0,"57":0,"58":0,"59":0,"60":0,"61":0,"62":0,"63":0},"fnMap":{"1":{"name":"(anonymous_1)","line":61,"loc":{"start":{"line":61,"column":22},"end":{"line":61,"column":36}}},"2":{"name":"list","line":67,"loc":{"start":{"line":67,"column":87},"end":{"line":67,"column":106}}},"3":{"name":"(anonymous_3)","line":71,"loc":{"start":{"line":71,"column":23},"end":{"line":71,"column":33}}},"4":{"name":"(anonymous_4)","line":92,"loc":{"start":{"line":92,"column":42},"end":{"line":92,"column":56}}},"5":{"name":"(anonymous_5)","line":101,"loc":{"start":{"line":101,"column":23},"end":{"line":101,"column":34}}},"6":{"name":"(anonymous_6)","line":105,"loc":{"start":{"line":105,"column":15},"end":{"line":105,"column":51}}},"7":{"name":"(anonymous_7)","line":108,"loc":{"start":{"line":108,"column":5},"end":{"line":108,"column":27}}},"8":{"name":"init","line":123,"loc":{"start":{"line":123,"column":2},"end":{"line":123,"column":18}}},"9":{"name":"(anonymous_9)","line":127,"loc":{"start":{"line":127,"column":17},"end":{"line":127,"column":29}}},"10":{"name":"(anonymous_10)","line":128,"loc":{"start":{"line":128,"column":17},"end":{"line":128,"column":30}}},"11":{"name":"(anonymous_11)","line":130,"loc":{"start":{"line":130,"column":26},"end":{"line":130,"column":48}}},"12":{"name":"(anonymous_12)","line":141,"loc":{"start":{"line":141,"column":27},"end":{"line":141,"column":38}}},"13":{"name":"(anonymous_13)","line":145,"loc":{"start":{"line":145,"column":19},"end":{"line":145,"column":31}}},"14":{"name":"(anonymous_14)","line":148,"loc":{"start":{"line":148,"column":7},"end":{"line":148,"column":18}}},"15":{"name":"(anonymous_15)","line":149,"loc":{"start":{"line":149,"column":29},"end":{"line":149,"column":40}}},"16":{"name":"(anonymous_16)","line":158,"loc":{"start":{"line":158,"column":25},"end":{"line":158,"column":44}}},"17":{"name":"(anonymous_17)","line":167,"loc":{"start":{"line":167,"column":18},"end":{"line":167,"column":37}}},"18":{"name":"(anonymous_18)","line":170,"loc":{"start":{"line":170,"column":27},"end":{"line":170,"column":46}}},"19":{"name":"(anonymous_19)","line":171,"loc":{"start":{"line":171,"column":36},"end":{"line":171,"column":59}}},"20":{"name":"(anonymous_20)","line":175,"loc":{"start":{"line":175,"column":29},"end":{"line":175,"column":48}}},"21":{"name":"(anonymous_21)","line":178,"loc":{"start":{"line":178,"column":24},"end":{"line":178,"column":43}}},"22":{"name":"(anonymous_22)","line":182,"loc":{"start":{"line":182,"column":24},"end":{"line":182,"column":43}}},"23":{"name":"(anonymous_23)","line":187,"loc":{"start":{"line":187,"column":26},"end":{"line":187,"column":37}}},"24":{"name":"(anonymous_24)","line":195,"loc":{"start":{"line":195,"column":17},"end":{"line":195,"column":28}}},"25":{"name":"(anonymous_25)","line":198,"loc":{"start":{"line":198,"column":5},"end":{"line":198,"column":32}}},"26":{"name":"(anonymous_26)","line":206,"loc":{"start":{"line":206,"column":23},"end":{"line":206,"column":37}}},"27":{"name":"(anonymous_27)","line":210,"loc":{"start":{"line":210,"column":5},"end":{"line":210,"column":32}}},"28":{"name":"(anonymous_28)","line":220,"loc":{"start":{"line":220,"column":26},"end":{"line":220,"column":40}}},"29":{"name":"(anonymous_29)","line":224,"loc":{"start":{"line":224,"column":5},"end":{"line":224,"column":32}}},"30":{"name":"(anonymous_30)","line":234,"loc":{"start":{"line":234,"column":17},"end":{"line":234,"column":28}}},"31":{"name":"(anonymous_31)","line":237,"loc":{"start":{"line":237,"column":5},"end":{"line":237,"column":32}}},"32":{"name":"(anonymous_32)","line":248,"loc":{"start":{"line":248,"column":25},"end":{"line":248,"column":52}}},"33":{"name":"(anonymous_33)","line":251,"loc":{"start":{"line":251,"column":5},"end":{"line":251,"column":32}}},"34":{"name":"(anonymous_34)","line":260,"loc":{"start":{"line":260,"column":20},"end":{"line":260,"column":38}}},"35":{"name":"(anonymous_35)","line":268,"loc":{"start":{"line":268,"column":36},"end":{"line":268,"column":51}}},"36":{"name":"(anonymous_36)","line":271,"loc":{"start":{"line":271,"column":33},"end":{"line":271,"column":48}}},"37":{"name":"(anonymous_37)","line":274,"loc":{"start":{"line":274,"column":32},"end":{"line":274,"column":47}}},"38":{"name":"(anonymous_38)","line":277,"loc":{"start":{"line":277,"column":15},"end":{"line":277,"column":29}}},"39":{"name":"(anonymous_39)","line":283,"loc":{"start":{"line":283,"column":23},"end":{"line":283,"column":34}}},"40":{"name":"(anonymous_40)","line":293,"loc":{"start":{"line":293,"column":19},"end":{"line":293,"column":30}}},"41":{"name":"(anonymous_41)","line":298,"loc":{"start":{"line":298,"column":28},"end":{"line":298,"column":42}}},"42":{"name":"(anonymous_42)","line":305,"loc":{"start":{"line":305,"column":33},"end":{"line":305,"column":47}}},"43":{"name":"(anonymous_43)","line":313,"loc":{"start":{"line":313,"column":23},"end":{"line":313,"column":38}}},"44":{"name":"(anonymous_44)","line":327,"loc":{"start":{"line":327,"column":20},"end":{"line":327,"column":35}}},"45":{"name":"(anonymous_45)","line":331,"loc":{"start":{"line":331,"column":19},"end":{"line":331,"column":34}}},"46":{"name":"(anonymous_46)","line":342,"loc":{"start":{"line":342,"column":19},"end":{"line":342,"column":62}}},"47":{"name":"(anonymous_47)","line":351,"loc":{"start":{"line":351,"column":18},"end":{"line":351,"column":48}}},"48":{"name":"(anonymous_48)","line":360,"loc":{"start":{"line":360,"column":20},"end":{"line":360,"column":45}}},"49":{"name":"(anonymous_49)","line":369,"loc":{"start":{"line":369,"column":20},"end":{"line":369,"column":54}}},"50":{"name":"(anonymous_50)","line":378,"loc":{"start":{"line":378,"column":18},"end":{"line":378,"column":43}}},"51":{"name":"(anonymous_51)","line":387,"loc":{"start":{"line":387,"column":18},"end":{"line":387,"column":43}}},"52":{"name":"(anonymous_52)","line":397,"loc":{"start":{"line":397,"column":12},"end":{"line":397,"column":38}}},"53":{"name":"(anonymous_53)","line":406,"loc":{"start":{"line":406,"column":17},"end":{"line":406,"column":49}}},"54":{"name":"(anonymous_54)","line":424,"loc":{"start":{"line":424,"column":42},"end":{"line":424,"column":62}}},"55":{"name":"(anonymous_55)","line":440,"loc":{"start":{"line":440,"column":18},"end":{"line":440,"column":57}}},"56":{"name":"(anonymous_56)","line":449,"loc":{"start":{"line":449,"column":20},"end":{"line":449,"column":46}}},"57":{"name":"(anonymous_57)","line":455,"loc":{"start":{"line":455,"column":38},"end":{"line":455,"column":58}}},"58":{"name":"(anonymous_58)","line":461,"loc":{"start":{"line":461,"column":18},"end":{"line":461,"column":33}}},"59":{"name":"(anonymous_59)","line":469,"loc":{"start":{"line":469,"column":17},"end":{"line":469,"column":33}}},"60":{"name":"(anonymous_60)","line":476,"loc":{"start":{"line":476,"column":18},"end":{"line":476,"column":55}}},"61":{"name":"(anonymous_61)","line":486,"loc":{"start":{"line":486,"column":17},"end":{"line":486,"column":42}}},"62":{"name":"(anonymous_62)","line":492,"loc":{"start":{"line":492,"column":17},"end":{"line":492,"column":32}}},"63":{"name":"(anonymous_63)","line":497,"loc":{"start":{"line":497,"column":21},"end":{"line":497,"column":32}}}},"statementMap":{"1":{"start":{"line":10,"column":0},"end":{"line":10,"column":37}},"2":{"start":{"line":11,"column":0},"end":{"line":11,"column":39}},"3":{"start":{"line":12,"column":0},"end":{"line":12,"column":41}},"4":{"start":{"line":13,"column":0},"end":{"line":13,"column":44}},"5":{"start":{"line":14,"column":0},"end":{"line":14,"column":41}},"6":{"start":{"line":15,"column":0},"end":{"line":15,"column":41}},"7":{"start":{"line":16,"column":0},"end":{"line":16,"column":41}},"8":{"start":{"line":17,"column":0},"end":{"line":17,"column":39}},"9":{"start":{"line":18,"column":0},"end":{"line":18,"column":42}},"10":{"start":{"line":19,"column":0},"end":{"line":19,"column":42}},"11":{"start":{"line":20,"column":0},"end":{"line":20,"column":46}},"12":{"start":{"line":21,"column":0},"end":{"line":21,"column":48}},"13":{"start":{"line":22,"column":0},"end":{"line":22,"column":39}},"14":{"start":{"line":23,"column":0},"end":{"line":23,"column":43}},"15":{"start":{"line":24,"column":0},"end":{"line":24,"column":53}},"16":{"start":{"line":25,"column":0},"end":{"line":25,"column":40}},"17":{"start":{"line":26,"column":0},"end":{"line":26,"column":42}},"18":{"start":{"line":27,"column":0},"end":{"line":27,"column":46}},"19":{"start":{"line":28,"column":0},"end":{"line":28,"column":57}},"20":{"start":{"line":29,"column":0},"end":{"line":29,"column":46}},"21":{"start":{"line":30,"column":0},"end":{"line":30,"column":69}},"22":{"start":{"line":31,"column":0},"end":{"line":31,"column":61}},"23":{"start":{"line":32,"column":0},"end":{"line":32,"column":34}},"24":{"start":{"line":33,"column":0},"end":{"line":33,"column":13}},"25":{"start":{"line":35,"column":0},"end":{"line":35,"column":41}},"26":{"start":{"line":36,"column":0},"end":{"line":36,"column":41}},"27":{"start":{"line":37,"column":0},"end":{"line":37,"column":71}},"28":{"start":{"line":38,"column":0},"end":{"line":38,"column":65}},"29":{"start":{"line":39,"column":0},"end":{"line":42,"column":15}},"30":{"start":{"line":44,"column":0},"end":{"line":46,"column":2}},"31":{"start":{"line":48,"column":0},"end":{"line":51,"column":2}},"32":{"start":{"line":53,"column":0},"end":{"line":53,"column":21}},"33":{"start":{"line":55,"column":0},"end":{"line":55,"column":23}},"34":{"start":{"line":61,"column":0},"end":{"line":99,"column":2}},"35":{"start":{"line":62,"column":2},"end":{"line":69,"column":5}},"36":{"start":{"line":68,"column":4},"end":{"line":68,"column":26}},"37":{"start":{"line":71,"column":2},"end":{"line":81,"column":5}},"38":{"start":{"line":72,"column":4},"end":{"line":72,"column":31}},"39":{"start":{"line":73,"column":4},"end":{"line":73,"column":20}},"40":{"start":{"line":74,"column":4},"end":{"line":74,"column":103}},"41":{"start":{"line":75,"column":4},"end":{"line":75,"column":20}},"42":{"start":{"line":76,"column":4},"end":{"line":76,"column":35}},"43":{"start":{"line":77,"column":4},"end":{"line":77,"column":20}},"44":{"start":{"line":78,"column":4},"end":{"line":78,"column":81}},"45":{"start":{"line":79,"column":4},"end":{"line":79,"column":20}},"46":{"start":{"line":80,"column":4},"end":{"line":80,"column":73}},"47":{"start":{"line":83,"column":2},"end":{"line":83,"column":63}},"48":{"start":{"line":84,"column":2},"end":{"line":84,"column":65}},"49":{"start":{"line":85,"column":2},"end":{"line":85,"column":64}},"50":{"start":{"line":86,"column":2},"end":{"line":86,"column":67}},"51":{"start":{"line":87,"column":2},"end":{"line":87,"column":63}},"52":{"start":{"line":88,"column":2},"end":{"line":88,"column":65}},"53":{"start":{"line":90,"column":2},"end":{"line":90,"column":30}},"54":{"start":{"line":92,"column":2},"end":{"line":92,"column":88}},"55":{"start":{"line":92,"column":58},"end":{"line":92,"column":83}},"56":{"start":{"line":94,"column":2},"end":{"line":98,"column":3}},"57":{"start":{"line":95,"column":4},"end":{"line":95,"column":21}},"58":{"start":{"line":97,"column":4},"end":{"line":97,"column":37}},"59":{"start":{"line":101,"column":0},"end":{"line":103,"column":2}},"60":{"start":{"line":102,"column":2},"end":{"line":102,"column":29}},"61":{"start":{"line":105,"column":0},"end":{"line":155,"column":2}},"62":{"start":{"line":106,"column":2},"end":{"line":110,"column":5}},"63":{"start":{"line":112,"column":2},"end":{"line":115,"column":3}},"64":{"start":{"line":113,"column":4},"end":{"line":113,"column":18}},"65":{"start":{"line":114,"column":4},"end":{"line":114,"column":20}},"66":{"start":{"line":116,"column":2},"end":{"line":116,"column":38}},"67":{"start":{"line":118,"column":2},"end":{"line":118,"column":42}},"68":{"start":{"line":118,"column":30},"end":{"line":118,"column":42}},"69":{"start":{"line":121,"column":2},"end":{"line":121,"column":52}},"70":{"start":{"line":123,"column":2},"end":{"line":136,"column":3}},"71":{"start":{"line":125,"column":4},"end":{"line":125,"column":40}},"72":{"start":{"line":125,"column":19},"end":{"line":125,"column":40}},"73":{"start":{"line":126,"column":4},"end":{"line":126,"column":19}},"74":{"start":{"line":127,"column":4},"end":{"line":129,"column":7}},"75":{"start":{"line":128,"column":6},"end":{"line":128,"column":61}},"76":{"start":{"line":128,"column":32},"end":{"line":128,"column":57}},"77":{"start":{"line":130,"column":4},"end":{"line":135,"column":7}},"78":{"start":{"line":131,"column":6},"end":{"line":131,"column":38}},"79":{"start":{"line":132,"column":6},"end":{"line":132,"column":64}},"80":{"start":{"line":132,"column":17},"end":{"line":132,"column":64}},"81":{"start":{"line":133,"column":6},"end":{"line":133,"column":32}},"82":{"start":{"line":134,"column":6},"end":{"line":134,"column":22}},"83":{"start":{"line":138,"column":2},"end":{"line":154,"column":3}},"84":{"start":{"line":138,"column":16},"end":{"line":138,"column":23}},"85":{"start":{"line":140,"column":4},"end":{"line":140,"column":39}},"86":{"start":{"line":141,"column":4},"end":{"line":152,"column":7}},"87":{"start":{"line":142,"column":6},"end":{"line":142,"column":56}},"88":{"start":{"line":143,"column":6},"end":{"line":143,"column":34}},"89":{"start":{"line":143,"column":17},"end":{"line":143,"column":34}},"90":{"start":{"line":144,"column":6},"end":{"line":144,"column":11}},"91":{"start":{"line":145,"column":6},"end":{"line":147,"column":9}},"92":{"start":{"line":146,"column":8},"end":{"line":146,"column":32}},"93":{"start":{"line":149,"column":6},"end":{"line":151,"column":9}},"94":{"start":{"line":150,"column":8},"end":{"line":150,"column":15}},"95":{"start":{"line":158,"column":0},"end":{"line":193,"column":2}},"96":{"start":{"line":161,"column":2},"end":{"line":161,"column":42}},"97":{"start":{"line":162,"column":2},"end":{"line":162,"column":39}},"98":{"start":{"line":163,"column":2},"end":{"line":163,"column":26}},"99":{"start":{"line":164,"column":2},"end":{"line":164,"column":24}},"100":{"start":{"line":167,"column":2},"end":{"line":169,"column":5}},"101":{"start":{"line":168,"column":4},"end":{"line":168,"column":29}},"102":{"start":{"line":170,"column":2},"end":{"line":174,"column":5}},"103":{"start":{"line":171,"column":4},"end":{"line":173,"column":7}},"104":{"start":{"line":172,"column":6},"end":{"line":172,"column":34}},"105":{"start":{"line":175,"column":2},"end":{"line":177,"column":5}},"106":{"start":{"line":176,"column":4},"end":{"line":176,"column":49}},"107":{"start":{"line":178,"column":2},"end":{"line":181,"column":5}},"108":{"start":{"line":179,"column":4},"end":{"line":179,"column":24}},"109":{"start":{"line":180,"column":4},"end":{"line":180,"column":19}},"110":{"start":{"line":182,"column":2},"end":{"line":185,"column":5}},"111":{"start":{"line":183,"column":4},"end":{"line":183,"column":51}},"112":{"start":{"line":184,"column":4},"end":{"line":184,"column":24}},"113":{"start":{"line":187,"column":2},"end":{"line":190,"column":5}},"114":{"start":{"line":188,"column":4},"end":{"line":188,"column":21}},"115":{"start":{"line":189,"column":4},"end":{"line":189,"column":29}},"116":{"start":{"line":189,"column":18},"end":{"line":189,"column":29}},"117":{"start":{"line":191,"column":2},"end":{"line":191,"column":40}},"118":{"start":{"line":195,"column":0},"end":{"line":204,"column":2}},"119":{"start":{"line":196,"column":2},"end":{"line":202,"column":5}},"120":{"start":{"line":199,"column":4},"end":{"line":201,"column":5}},"121":{"start":{"line":200,"column":6},"end":{"line":200,"column":44}},"122":{"start":{"line":206,"column":0},"end":{"line":218,"column":2}},"123":{"start":{"line":207,"column":2},"end":{"line":216,"column":5}},"124":{"start":{"line":211,"column":4},"end":{"line":215,"column":5}},"125":{"start":{"line":212,"column":6},"end":{"line":212,"column":43}},"126":{"start":{"line":214,"column":6},"end":{"line":214,"column":42}},"127":{"start":{"line":220,"column":0},"end":{"line":232,"column":2}},"128":{"start":{"line":221,"column":2},"end":{"line":230,"column":5}},"129":{"start":{"line":225,"column":4},"end":{"line":229,"column":5}},"130":{"start":{"line":226,"column":6},"end":{"line":226,"column":46}},"131":{"start":{"line":228,"column":6},"end":{"line":228,"column":49}},"132":{"start":{"line":234,"column":0},"end":{"line":245,"column":2}},"133":{"start":{"line":235,"column":2},"end":{"line":243,"column":5}},"134":{"start":{"line":238,"column":4},"end":{"line":242,"column":5}},"135":{"start":{"line":239,"column":6},"end":{"line":239,"column":51}},"136":{"start":{"line":241,"column":6},"end":{"line":241,"column":53}},"137":{"start":{"line":248,"column":0},"end":{"line":258,"column":2}},"138":{"start":{"line":249,"column":2},"end":{"line":257,"column":5}},"139":{"start":{"line":252,"column":4},"end":{"line":256,"column":5}},"140":{"start":{"line":253,"column":6},"end":{"line":253,"column":16}},"141":{"start":{"line":255,"column":6},"end":{"line":255,"column":16}},"142":{"start":{"line":260,"column":0},"end":{"line":281,"column":2}},"143":{"start":{"line":261,"column":2},"end":{"line":261,"column":38}},"144":{"start":{"line":262,"column":2},"end":{"line":262,"column":80}},"145":{"start":{"line":263,"column":2},"end":{"line":263,"column":42}},"146":{"start":{"line":264,"column":2},"end":{"line":264,"column":58}},"147":{"start":{"line":264,"column":29},"end":{"line":264,"column":58}},"148":{"start":{"line":265,"column":2},"end":{"line":265,"column":58}},"149":{"start":{"line":265,"column":27},"end":{"line":265,"column":58}},"150":{"start":{"line":266,"column":2},"end":{"line":266,"column":27}},"151":{"start":{"line":267,"column":2},"end":{"line":267,"column":80}},"152":{"start":{"line":268,"column":2},"end":{"line":270,"column":5}},"153":{"start":{"line":269,"column":4},"end":{"line":269,"column":53}},"154":{"start":{"line":271,"column":2},"end":{"line":273,"column":5}},"155":{"start":{"line":272,"column":4},"end":{"line":272,"column":50}},"156":{"start":{"line":274,"column":2},"end":{"line":276,"column":5}},"157":{"start":{"line":275,"column":4},"end":{"line":275,"column":49}},"158":{"start":{"line":277,"column":2},"end":{"line":280,"column":5}},"159":{"start":{"line":278,"column":4},"end":{"line":278,"column":45}},"160":{"start":{"line":278,"column":14},"end":{"line":278,"column":45}},"161":{"start":{"line":279,"column":4},"end":{"line":279,"column":20}},"162":{"start":{"line":283,"column":0},"end":{"line":291,"column":2}},"163":{"start":{"line":284,"column":2},"end":{"line":284,"column":51}},"164":{"start":{"line":285,"column":2},"end":{"line":285,"column":58}},"165":{"start":{"line":285,"column":27},"end":{"line":285,"column":58}},"166":{"start":{"line":287,"column":2},"end":{"line":287,"column":43}},"167":{"start":{"line":288,"column":2},"end":{"line":288,"column":91}},"168":{"start":{"line":288,"column":28},"end":{"line":288,"column":91}},"169":{"start":{"line":290,"column":2},"end":{"line":290,"column":14}},"170":{"start":{"line":293,"column":0},"end":{"line":296,"column":2}},"171":{"start":{"line":294,"column":2},"end":{"line":294,"column":51}},"172":{"start":{"line":295,"column":2},"end":{"line":295,"column":26}},"173":{"start":{"line":298,"column":0},"end":{"line":303,"column":2}},"174":{"start":{"line":299,"column":2},"end":{"line":299,"column":32}},"175":{"start":{"line":300,"column":2},"end":{"line":300,"column":52}},"176":{"start":{"line":301,"column":2},"end":{"line":301,"column":28}},"177":{"start":{"line":302,"column":2},"end":{"line":302,"column":74}},"178":{"start":{"line":305,"column":0},"end":{"line":309,"column":2}},"179":{"start":{"line":306,"column":2},"end":{"line":306,"column":32}},"180":{"start":{"line":307,"column":2},"end":{"line":307,"column":52}},"181":{"start":{"line":308,"column":2},"end":{"line":308,"column":74}},"182":{"start":{"line":313,"column":0},"end":{"line":325,"column":2}},"183":{"start":{"line":314,"column":2},"end":{"line":314,"column":52}},"184":{"start":{"line":315,"column":2},"end":{"line":315,"column":40}},"185":{"start":{"line":316,"column":2},"end":{"line":322,"column":3}},"186":{"start":{"line":317,"column":4},"end":{"line":317,"column":58}},"187":{"start":{"line":317,"column":26},"end":{"line":317,"column":58}},"188":{"start":{"line":318,"column":4},"end":{"line":318,"column":36}},"189":{"start":{"line":319,"column":4},"end":{"line":319,"column":49}},"190":{"start":{"line":320,"column":4},"end":{"line":320,"column":22}},"191":{"start":{"line":321,"column":4},"end":{"line":321,"column":33}},"192":{"start":{"line":324,"column":2},"end":{"line":324,"column":57}},"193":{"start":{"line":327,"column":0},"end":{"line":329,"column":2}},"194":{"start":{"line":328,"column":2},"end":{"line":328,"column":44}},"195":{"start":{"line":331,"column":0},"end":{"line":340,"column":2}},"196":{"start":{"line":332,"column":2},"end":{"line":332,"column":40}},"197":{"start":{"line":333,"column":2},"end":{"line":339,"column":3}},"198":{"start":{"line":334,"column":4},"end":{"line":334,"column":58}},"199":{"start":{"line":334,"column":26},"end":{"line":334,"column":58}},"200":{"start":{"line":335,"column":4},"end":{"line":338,"column":6}},"201":{"start":{"line":342,"column":0},"end":{"line":349,"column":2}},"202":{"start":{"line":343,"column":2},"end":{"line":343,"column":38}},"203":{"start":{"line":344,"column":2},"end":{"line":344,"column":40}},"204":{"start":{"line":345,"column":2},"end":{"line":348,"column":3}},"205":{"start":{"line":346,"column":4},"end":{"line":346,"column":58}},"206":{"start":{"line":346,"column":26},"end":{"line":346,"column":58}},"207":{"start":{"line":347,"column":4},"end":{"line":347,"column":50}},"208":{"start":{"line":351,"column":0},"end":{"line":358,"column":2}},"209":{"start":{"line":352,"column":2},"end":{"line":352,"column":38}},"210":{"start":{"line":353,"column":2},"end":{"line":353,"column":40}},"211":{"start":{"line":354,"column":2},"end":{"line":357,"column":3}},"212":{"start":{"line":355,"column":4},"end":{"line":355,"column":58}},"213":{"start":{"line":355,"column":26},"end":{"line":355,"column":58}},"214":{"start":{"line":356,"column":4},"end":{"line":356,"column":36}},"215":{"start":{"line":360,"column":0},"end":{"line":367,"column":2}},"216":{"start":{"line":361,"column":2},"end":{"line":361,"column":38}},"217":{"start":{"line":362,"column":2},"end":{"line":362,"column":40}},"218":{"start":{"line":363,"column":2},"end":{"line":366,"column":3}},"219":{"start":{"line":364,"column":4},"end":{"line":364,"column":58}},"220":{"start":{"line":364,"column":26},"end":{"line":364,"column":58}},"221":{"start":{"line":365,"column":4},"end":{"line":365,"column":33}},"222":{"start":{"line":369,"column":0},"end":{"line":376,"column":2}},"223":{"start":{"line":370,"column":2},"end":{"line":370,"column":38}},"224":{"start":{"line":371,"column":2},"end":{"line":371,"column":40}},"225":{"start":{"line":372,"column":2},"end":{"line":375,"column":42}},"226":{"start":{"line":373,"column":4},"end":{"line":373,"column":58}},"227":{"start":{"line":373,"column":26},"end":{"line":373,"column":58}},"228":{"start":{"line":374,"column":4},"end":{"line":374,"column":42}},"229":{"start":{"line":375,"column":9},"end":{"line":375,"column":42}},"230":{"start":{"line":378,"column":0},"end":{"line":385,"column":2}},"231":{"start":{"line":379,"column":2},"end":{"line":379,"column":38}},"232":{"start":{"line":380,"column":2},"end":{"line":380,"column":40}},"233":{"start":{"line":381,"column":2},"end":{"line":384,"column":42}},"234":{"start":{"line":382,"column":4},"end":{"line":382,"column":58}},"235":{"start":{"line":382,"column":26},"end":{"line":382,"column":58}},"236":{"start":{"line":383,"column":4},"end":{"line":383,"column":31}},"237":{"start":{"line":384,"column":9},"end":{"line":384,"column":42}},"238":{"start":{"line":387,"column":0},"end":{"line":394,"column":2}},"239":{"start":{"line":388,"column":2},"end":{"line":388,"column":38}},"240":{"start":{"line":389,"column":2},"end":{"line":389,"column":40}},"241":{"start":{"line":390,"column":2},"end":{"line":393,"column":42}},"242":{"start":{"line":391,"column":4},"end":{"line":391,"column":58}},"243":{"start":{"line":391,"column":26},"end":{"line":391,"column":58}},"244":{"start":{"line":392,"column":4},"end":{"line":392,"column":31}},"245":{"start":{"line":393,"column":9},"end":{"line":393,"column":42}},"246":{"start":{"line":397,"column":0},"end":{"line":404,"column":2}},"247":{"start":{"line":398,"column":2},"end":{"line":398,"column":38}},"248":{"start":{"line":399,"column":2},"end":{"line":399,"column":40}},"249":{"start":{"line":400,"column":2},"end":{"line":403,"column":43}},"250":{"start":{"line":401,"column":4},"end":{"line":401,"column":39}},"251":{"start":{"line":402,"column":4},"end":{"line":402,"column":37}},"252":{"start":{"line":403,"column":9},"end":{"line":403,"column":43}},"253":{"start":{"line":406,"column":0},"end":{"line":438,"column":2}},"254":{"start":{"line":407,"column":2},"end":{"line":407,"column":38}},"255":{"start":{"line":408,"column":2},"end":{"line":408,"column":40}},"256":{"start":{"line":409,"column":2},"end":{"line":437,"column":42}},"257":{"start":{"line":410,"column":4},"end":{"line":410,"column":58}},"258":{"start":{"line":410,"column":26},"end":{"line":410,"column":58}},"259":{"start":{"line":411,"column":4},"end":{"line":411,"column":49}},"260":{"start":{"line":412,"column":4},"end":{"line":412,"column":57}},"261":{"start":{"line":413,"column":4},"end":{"line":436,"column":5}},"262":{"start":{"line":414,"column":6},"end":{"line":422,"column":9}},"263":{"start":{"line":424,"column":6},"end":{"line":435,"column":9}},"264":{"start":{"line":425,"column":8},"end":{"line":425,"column":32}},"265":{"start":{"line":425,"column":17},"end":{"line":425,"column":32}},"266":{"start":{"line":426,"column":8},"end":{"line":434,"column":11}},"267":{"start":{"line":437,"column":9},"end":{"line":437,"column":42}},"268":{"start":{"line":440,"column":0},"end":{"line":447,"column":2}},"269":{"start":{"line":441,"column":2},"end":{"line":441,"column":38}},"270":{"start":{"line":442,"column":2},"end":{"line":442,"column":40}},"271":{"start":{"line":443,"column":2},"end":{"line":446,"column":42}},"272":{"start":{"line":444,"column":4},"end":{"line":444,"column":58}},"273":{"start":{"line":4
[...]
":71,"column":3},"end":{"line":71,"column":3}}]},"12":{"line":71,"type":"binary-expr","locations":[{"start":{"line":71,"column":8},"end":{"line":71,"column":22}},{"start":{"line":71,"column":26},"end":{"line":71,"column":45}}]},"13":{"line":75,"type":"if","locations":[{"start":{"line":75,"column":3},"end":{"line":75,"column":3}},{"start":{"line":75,"column":3},"end":{"line":75,"column":3}}]},"14":{"line":83,"type":"if","locations":[{"start":{"line":83,"column":4},"end":{"line":83,"column":4}},{"start":{"line":83,"column":4},"end":{"line":83,"column":4}}]},"15":{"line":89,"type":"if","locations":[{"start":{"line":89,"column":4},"end":{"line":89,"column":4}},{"start":{"line":89,"column":4},"end":{"line":89,"column":4}}]}},"code":["/*"," * jQuery Hotkeys Plugin"," * Copyright 2010, John Resig"," * Dual licensed under the MIT or GPL Version 2 licenses."," *"," * Based upon the plugin by Tzury Bar Yochay:"," * http://github.com/tzuryby/hotkeys"," *"," * Original idea by:"," * Binny V A, http://www.openjs.com/scripts/events/keyboard_shortcuts/","*/","","(function(jQuery){","\t","\tjQuery.hotkeys = {","\t\tversion: \"0.8\",","","\t\tspecialKeys: {","\t\t\t8: \"backspace\", 9: \"tab\", 13: \"return\", 16: \"shift\", 17: \"ctrl\", 18: \"alt\", 19: \"pause\",","\t\t\t20: \"capslock\", 27: \"esc\", 32: \"space\", 33: \"pageup\", 34: \"pagedown\", 35: \"end\", 36: \"home\",","\t\t\t37: \"left\", 38: \"up\", 39: \"right\", 40: \"down\", 45: \"insert\", 46: \"del\", ","\t\t\t96: \"0\", 97: \"1\", 98: \"2\", 99: \"3\", 100: \"4\", 101: \"5\", 102: \"6\", 103: \"7\",","\t\t\t104: \"8\", 105: \"9\", 106: \"*\", 107: \"+\", 109: \"-\", 110: \".\", 111 : \"/\", ","\t\t\t112: \"f1\", 113: \"f2\", 114: \"f3\", 115: \"f4\", 116: \"f5\", 117: \"f6\", 118: \"f7\", 119: \"f8\", ","\t\t\t120: \"f9\", 121: \"f10\", 122: \"f11\", 123: \"f12\", 144: \"numlock\", 145: \"scroll\", 191: \"/\", 224: \"meta\"","\t\t},","\t","\t\tshiftNums: {","\t\t\t\"`\": \"~\", \"1\": \"!\", \"2\": \"@\", \"3\": \"#\", \"4\": \"$\", \"5\": \"%\", \"6\": \"^\", \"7\": \"&\", ","\t\t\t\"8\": \"*\", \"9\": \"(\", \"0\": \")\", \"-\": \"_\", \"=\": \"+\", \";\": \": \", \"'\": \"\\\"\", \",\": \"<\", ","\t\t\t\".\": \">\",  \"/\": \"?\",  \"\\\\\": \"|\"","\t\t}","\t};","","\tfunction keyHandler( handleObj ) {","\t\t// Only care when a possible input has been specified","\t\tif ( typeof handleObj.data !== \"string\" ) {","\t\t\treturn;","\t\t}","\t\t","\t\tvar origHandler = handleObj.handler,","\t\t\tkeys = handleObj.data.toLowerCase().split(\" \"),","\t\t\ttextAcceptingInputTypes = [\"text\", \"password\", \"number\", \"email\", \"url\", \"range\", \"date\", \"month\", \"week\", \"time\", \"datetime\", \"datetime-local\", \"search\", \"color\"];","\t","\t\thandleObj.handler = function( event ) {","\t\t\t// Don't fire in text-accepting inputs that we didn't directly bind to","\t\t\tif ( this !== event.target && (/textarea|select/i.test( event.target.nodeName ) ||","\t\t\t\tjQuery.inArray(event.target.type, textAcceptingInputTypes) > -1 ) ) {","\t\t\t\treturn;","\t\t\t}","\t\t\t","\t\t\t// Keypress represents characters, not special keys","\t\t\tvar special = event.type !== \"keypress\" && jQuery.hotkeys.specialKeys[ event.which ],","\t\t\t\tcharacter = String.fromCharCode( event.which ).toLowerCase(),","\t\t\t\tkey, modif = \"\", possible = {};","","\t\t\t// check combinations (alt|ctrl|shift+anything)","\t\t\tif ( event.altKey && special !== \"alt\" ) {","\t\t\t\tmodif += \"alt+\";","\t\t\t}","","\t\t\tif ( event.ctrlKey && special !== \"ctrl\" ) {","\t\t\t\tmodif += \"ctrl+\";","\t\t\t}","\t\t\t","\t\t\t// #TODO:50 Need to make sure this works consistently across platforms","\t\t\tif ( event.metaKey && !event.ctrlKey && special !== \"meta\" ) {","\t\t\t\tmodif += \"meta+\";","\t\t\t}","","\t\t\tif ( event.shiftKey && special !== \"shift\" ) {","\t\t\t\tmodif += \"shift+\";","\t\t\t}","","\t\t\tif ( special ) {","\t\t\t\tpossible[ modif + special ] = true;","","\t\t\t} else {","\t\t\t\tpossible[ modif + character ] = true;","\t\t\t\tpossible[ modif + jQuery.hotkeys.shiftNums[ character ] ] = true;","","\t\t\t\t// \"$\" can be triggered as \"Shift+4\" or \"Shift+$\" or just \"$\"","\t\t\t\tif ( modif === \"shift+\" ) {","\t\t\t\t\tpossible[ jQuery.hotkeys.shiftNums[ character ] ] = true;","\t\t\t\t}","\t\t\t}","","\t\t\tfor ( var i = 0, l = keys.length; i < l; i++ ) {","\t\t\t\tif ( possible[ keys[i] ] ) {","\t\t\t\t\treturn origHandler.apply( this, arguments );","\t\t\t\t}","\t\t\t}","\t\t};","\t}","","\tjQuery.each([ \"keydown\", \"keyup\", \"keypress\" ], function() {","\t\tjQuery.event.special[ this ] = { add: keyHandler };","\t});","","})( jQuery );"],"l":{"13":2,"15":0,"35":1,"37":0,"38":0,"41":0,"45":0,"47":0,"49":0,"53":0,"58":0,"59":0,"62":0,"63":0,"67":0,"68":0,"71":0,"72":0,"75":0,"76":0,"79":0,"80":0,"83":0,"84":0,"88":0,"89":0,"90":0,"96":0,"97":0}},"/home/travis/build/npmtest/node-npmtest-imdone/node_modules/imdone/public/js/jquery.sortable.js":{"path":"/home/travis/build/npmtest/node-npmtest-imdone/node_modules/imdone/public/js/jquery.sortable.js","s":{"1":2,"2":0,"3":0,"4":0,"5":0,"6":0,"7":0,"8":0,"9":0,"10":0,"11":0,"12":0,"13":0,"14":0,"15":0,"16":0,"17":0,"18":0,"19":0,"20":0,"21":0,"22":0,"23":0,"24":0,"25":0,"26":0,"27":0,"28":0,"29":0,"30":0,"31":0,"32":0,"33":0,"34":0,"35":0,"36":0,"37":0,"38":0,"39":0,"40":0,"41":0,"42":0,"43":0,"44":0,"45":0,"46":0,"47":0,"48":0,"49":0,"50":0,"51":0,"52":0,"53":0,"54":0,"55":0,"56":0},"b":{"1":[0,0],"2":[0,0],"3":[0,0],"4":[0,0],"5":[0,0],"6":[0,0],"7":[0,0],"8":[0,0],"9":[0,0],"10":[0,0],"11":[0,0],"12":[0,0],"13":[0,0],"14":[0,0],"15":[0,0],"16":[0,0],"17":[0,0]},"f":{"1":0,"2":0,"3":0,"4":0,"5":0,"6":0,"7":0,"8":0,"9":0},"fnMap":{"1":{"name":"(anonymous_1)","line":8,"loc":{"start":{"line":8,"column":1},"end":{"line":8,"column":13}}},"2":{"name":"(anonymous_2)","line":10,"loc":{"start":{"line":10,"column":16},"end":{"line":10,"column":34}}},"3":{"name":"(anonymous_3)","line":15,"loc":{"start":{"line":15,"column":18},"end":{"line":15,"column":29}}},"4":{"name":"(anonymous_4)","line":26,"loc":{"start":{"line":26,"column":39},"end":{"line":26,"column":50}}},"5":{"name":"(anonymous_5)","line":28,"loc":{"start":{"line":28,"column":13},"end":{"line":28,"column":24}}},"6":{"name":"(anonymous_6)","line":36,"loc":{"start":{"line":36,"column":54},"end":{"line":36,"column":66}}},"7":{"name":"(anonymous_7)","line":45,"loc":{"start":{"line":45,"column":23},"end":{"line":45,"column":34}}},"8":{"name":"(anonymous_8)","line":55,"loc":{"start":{"line":55,"column":47},"end":{"line":55,"column":58}}},"9":{"name":"(anonymous_9)","line":58,"loc":{"start":{"line":58,"column":78},"end":{"line":58,"column":90}}}},"statementMap":{"1":{"start":{"line":8,"column":0},"end":{"line":85,"column":11}},"2":{"start":{"line":9,"column":0},"end":{"line":9,"column":33}},"3":{"start":{"line":10,"column":0},"end":{"line":84,"column":2}},"4":{"start":{"line":11,"column":1},"end":{"line":11,"column":30}},"5":{"start":{"line":12,"column":1},"end":{"line":14,"column":13}},"6":{"start":{"line":15,"column":1},"end":{"line":83,"column":4}},"7":{"start":{"line":16,"column":2},"end":{"line":23,"column":3}},"8":{"start":{"line":17,"column":3},"end":{"line":17,"column":93}},"9":{"start":{"line":18,"column":3},"end":{"line":21,"column":4}},"10":{"start":{"line":19,"column":4},"end":{"line":20,"column":91}},"11":{"start":{"line":22,"column":3},"end":{"line":22,"column":10}},"12":{"start":{"line":24,"column":2},"end":{"line":24,"column":63}},"13":{"start":{"line":25,"column":2},"end":{"line":25,"column":111}},"14":{"start":{"line":26,"column":2},"end":{"line":30,"column":5}},"15":{"start":{"line":27,"column":3},"end":{"line":27,"column":19}},"16":{"start":{"line":29,"column":3},"end":{"line":29,"column":20}},"17":{"start":{"line":31,"column":2},"end":{"line":31,"column":38}},"18":{"start":{"line":32,"column":2},"end":{"line":32,"column":47}},"19":{"start":{"line":33,"column":2},"end":{"line":35,"column":3}},"20":{"start":{"line":34,"column":3},"end":{"line":34,"column":77}},"21":{"start":{"line":36,"column":2},"end":{"line":82,"column":5}},"22":{"start":{"line":37,"column":3},"end":{"line":39,"column":4}},"23":{"start":{"line":38,"column":4},"end":{"line":38,"column":17}},"24":{"start":{"line":40,"column":3},"end":{"line":40,"column":20}},"25":{"start":{"line":41,"column":3},"end":{"line":41,"column":41}},"26":{"start":{"line":42,"column":3},"end":{"line":42,"column":29}},"27":{"start":{"line":43,"column":3},"end":{"line":43,"column":31}},"28":{"start":{"line":44,"column":3},"end":{"line":44,"column":70}},"29":{"start":{"line":46,"column":3},"end":{"line":48,"column":4}},"30":{"start":{"line":47,"column":4},"end":{"line":47,"column":11}},"31":{"start":{"line":49,"column":3},"end":{"line":49,"column":52}},"32":{"start":{"line":50,"column":3},"end":{"line":50,"column":25}},"33":{"start":{"line":51,"column":3},"end":{"line":53,"column":4}},"34":{"start":{"line":52,"column":4},"end":{"line":52,"column":62}},"35":{"start":{"line":54,"column":3},"end":{"line":54,"column":19}},"36":{"start":{"line":56,"column":3},"end":{"line":56,"column":36}},"37":{"start":{"line":57,"column":3},"end":{"line":57,"column":16}},"38":{"start":{"line":59,"column":3},"end":{"line":61,"column":4}},"39":{"start":{"line":60,"column":4},"end":{"line":60,"column":16}},"40":{"start":{"line":62,"column":3},"end":{"line":67,"column":4}},"41":{"start":{"line":63,"column":4},"end":{"line":63,"column":24}},"42":{"start":{"line":64,"column":4},"end":{"line":64,"column":52}},"43":{"start":{"line":65,"column":4},"end":{"line":65,"column":36}},"44":{"start":{"line":66,"column":4},"end":{"line":66,"column":17}},"45":{"start":{"line":68,"column":3},"end":{"line":68,"column":22}},"46":{"start":{"line":69,"column":3},"end":{"line":69,"column":52}},"47":{"start":{"line":70,"column":3},"end":{"line":80,"column":4}},"48":{"start":{"line":71,"column":4},"end":{"line":73,"column":5}},"49":{"start":{"line":72,"column":5},"end":{"line":72,"column":48}},"50":{"start":{"line":74,"column":4},"end":{"line":74,"column":20}},"51":{"start":{"line":75,"column":4},"end":{"line":75,"column":85}},"52":{"start":{"line":76,"column":4},"end":{"line":76,"column":43}},"53":{"start":{"line":77,"column":10},"end":{"line":80,"column":4}},"54":{"start":{"line":78,"column":4},"end":{"line":78,"column":26}},"55":{"start":{"line":79,"column":4},"end":{"line":79,"column":32}},"56":{"start":{"line":81,"column":3},"end":{"line":81,"column":16}}},"branchMap":{"1":{"line":16,"type":"if","locations":[{"start":{"line":16,"column":2},"end":{"line":16,"column":2}},{"start":{"line":16,"column":2},"end":{"line":16,"column":2}}]},"2":{"line":18,"type":"if","locations":[{"start":{"line":18,"column":3},"end":{"line":18,"column":3}},{"start":{"line":18,"column":3},"end":{"line":18,"column":3}}]},"3":{"line":25,"type":"cond-expr","locations":[{"start":{"line":25,"column":61},"end":{"line":25,"column":65}},{"start":{"line":25,"column":68},"end":{"line":25,"column":73}}]},"4":{"line":33,"type":"if","locations":[{"start":{"line":33,"column":2},"end":{"line":33,"column":2}},{"start":{"line":33,"column":2},"end":{"line":33,"column":2}}]},"5":{"line":37,"type":"if","locations":[{"start":{"line":37,"column":3},"end":{"line":37,"column":3}},{"start":{"line":37,"column":3},"end":{"line":37,"column":3}}]},"6":{"line":37,"type":"binary-expr","locations":[{"start":{"line":37,"column":7},"end":{"line":37,"column":21}},{"start":{"line":37,"column":25},"end":{"line":37,"column":34}}]},"7":{"line":46,"type":"if","locations":[{"start":{"line":46,"column":3},"end":{"line":46,"column":3}},{"start":{"line":46,"column":3},"end":{"line":46,"column":3}}]},"8":{"line":51,"type":"if","locations":[{"start":{"line":51,"column":3},"end":{"line":51,"column":3}},{"start":{"line":51,"column":3},"end":{"line":51,"column":3}}]},"9":{"line":56,"type":"binary-expr","locations":[{"start":{"line":56,"column":3},"end":{"line":56,"column":16}},{"start":{"line":56,"column":20},"end":{"line":56,"column":35}}]},"10":{"line":59,"type":"if","locations":[{"start":{"line":59,"column":3},"end":{"line":59,"column":3}},{"start":{"line":59,"column":3},"end":{"line":59,"column":3}}]},"11":{"line":59,"type":"binary-expr","locations":[{"start":{"line":59,"column":7},"end":{"line":59,"column":26}},{"start":{"line":59,"column":30},"end":{"line":59,"column":94}}]},"12":{"line":62,"type":"if","locations":[{"start":{"line":62,"column":3},"end":{"line":62,"column":3}},{"start":{"line":62,"column":3},"end":{"line":62,"column":3}}]},"13":{"line":70,"type":"if","locations":[{"start":{"line":70,"column":3},"end":{"line":70,"column":3}},{"start":{"line":70,"column":3},"end":{"line":70,"column":3}}]},"14":{"line":71,"type":"if","locations":[{"start":{"line":71,"column":4},"end":{"line":71,"column":4}},{"start":{"line":71,"column":4},"end":{"line":71,"column":4}}]},"15":{"line":75,"type":"cond-expr","locations":[{"start":{"line":75,"column":52},"end":{"line":75,"column":59}},{"start":{"line":75,"column":62},"end":{"line":75,"column":70}}]},"16":{"line":77,"type":"if","locations":[{"start":{"line":77,"column":10},"end":{"line":77,"column":10}},{"start":{"line":77,"column":10},"end":{"line":77,"column":10}}]},"17":{"line":77,"type":"binary-expr","locations":[{"start":{"line":77,"column":14},"end":{"line":77,"column":36}},{"start":{"line":77,"column":40},"end":{"line":77,"column":79}}]}},"code":["/*"," * HTML5 Sortable jQuery Plugin"," * http://farhadi.ir/projects/html5sortable"," * "," * Copyright 2012, Ali Farhadi"," * Released under the MIT license."," */","(function($) {","var dragging, placeholders = $();","$.fn.sortable = function(options) {","\tvar method = String(options);","\toptions = $.extend({","\t\tconnectWith: false","\t}, options);","\treturn this.each(function() {","\t\tif (/^enable|disable|destroy$/.test(method)) {","\t\t\tvar items = $(this).children($(this).data('items')).attr('draggable', method == 'enable');","\t\t\tif (method == 'destroy') {","\t\t\t\titems.add(this).removeData('connectWith items')","\t\t\t\t\t.off('dragstart.h5s dragend.h5s selectstart.h5s dragover.h5s dragenter.h5s drop.h5s');","\t\t\t}","\t\t\treturn;","\t\t}","\t\tvar isHandle, index, items = $(this).children(options.items);","\t\tvar placeholder = $('<' + (/^ul|ol$/i.test(this.tagName) ? 'li' : 'div') + ' class=\"sortable-placeholder\">');","\t\titems.find(options.handle).mousedown(function() {","\t\t\tisHandle = true;","\t\t}).mouseup(function() {","\t\t\tisHandle = false;","\t\t});","\t\t$(this).data('items', options.items)","\t\tplaceholders = placeholders.add(placeholder);","\t\tif (options.connectWith) {","\t\t\t$(options.connectWith).add(this).data('connectWith', options.connectWith);","\t\t}","\t\titems.attr('draggable', 'true').on('dragstart.h5s', function(e) {","\t\t\tif (options.handle && !isHandle) {","\t\t\t\treturn false;","\t\t\t}","\t\t\tisHandle = false;","\t\t\tvar dt = e.originalEvent.dataTransfer;","\t\t\tdt.effectAllowed = 'move';","\t\t\tdt.setData('Text', 'dummy');","\t\t\tindex = (dragging = $(this)).addClass('sortable-dragging').index();","\t\t}).on('dragend.h5s', function() {","\t\t\tif (!dragging) {","\t\t\t\treturn;","\t\t\t}","\t\t\tdragging.removeClass('sortable-dragging').show();","\t\t\tplaceholders.detach();","\t\t\tif (index != dragging.index()) {","\t\t\t\tdragging.parent().trigger('sortupdate', {item: dragging});","\t\t\t}","\t\t\tdragging = null;","\t\t}).not('a[href], img').on('selectstart.h5s', function() {","\t\t\tthis.dragDrop && this.dragDrop();","\t\t\treturn false;","\t\t}).end().add([this, placeholder]).on('dragover.h5s dragenter.h5s drop.h5s', function(e) {","\t\t\tif (!items.is(dragging) && options.connectWith !== $(dragging).parent().data('connectWith')) {","\t\t\t\treturn true;","\t\t\t}","\t\t\tif (e.type == 'drop') {","\t\t\t\te.stopPropagation();","\t\t\t\tplaceholders.filter(':visible').after(dragging);","\t\t\t\tdragging.trigger('dragend.h5s');","\t\t\t\treturn false;","\t\t\t}","\t\t\te.preventDefault();","\t\t\te.originalEvent.dataTransfer.dropEffect = 'move';","\t\t\tif (items.is(this)) {","\t\t\t\tif (options.forcePlaceholderSize) {","\t\t\t\t\tplaceholder.height(dragging.outerHeight());","\t\t\t\t}","\t\t\t\tdragging.hide();","\t\t\t\t$(this)[placeholder.index() < $(this).index() ? 'after' : 'before'](placeholder);","\t\t\t\tplaceholders.not(placeholder).detach();","\t\t\t} else if (!placeholders.is(this) && !$(this).children(options.items).length) {","\t\t\t\tplaceholders.detach();","\t\t\t\t$(this).append(placeholder);","\t\t\t}","\t\t\treturn false;","\t\t});","\t});","};","})(jQuery);",""],"l":{"8":2,"9":0,"10":0,"11":0,"12":0,"15":0,"16":0,"17":0,"18":0,"19":0,"22":0,"24":0,"25":0,"26":0,"27":0,"29":0,"31":0,"32":0,"33":0,"34":0,"36":0,"37":0,"38":0,"40":0,"41":0,"42":0,"43":0,"44":0,"46":0,"47":0,"49":0,"50":0,"51":0,"52":0,"54":0,"56":0,"57":0,"59":0,"60":0,"62":0,"63":0,"64":0,"65":0,"66":0,"68":0,"69":0,"70":0,"71":0,"72":0,"74":0,"75":0,"76":0,"77":0,"78":0,"79":0,"81":0}},"/home/travis/build/npmtest/node-npmtest-imdone/node_modules/imdone/public/js/main.js":{"path":"/home/travis/build/npmtest/node-npmtest-imdone/node_modules/imdone/public/js/main.js","s":{"1":2,"2":0,"3":0},"b":{},"f":{"1":0},"fnMap":{"1":{"name":"(anonymous_1)","line":96,"loc":{"start":{"line":96,"column":23},"end":{"line":96,"column":42}}}},"statementMap":{"1":{"start":{"line":1,"column":0},"end":{"line":94,"column":3}},"2":{"start":{"line":96,"column":0},"end":{"line":98,"column":3}},"3":{"start":{"line":97,"column":2},"end":{"line":97,"column":13}}},"branchMap":{},"code":["requirejs.config({","  baseUrl: 'lib',","","  // #DONE:20 Put paths in lib","  paths: {","    underscore:\"underscore/underscore\",","    json2:'json2/json2',","    backbone:'backbone/backbone',","    bootstrap: 'bootstrap/js/bootstrap.min',","    jquery:\"jquery/jquery.min\",","    jqueryui: '/js/jquery-ui-1.9.2.custom.min',","    handlebars: 'handlebars/handlebars',","    socketio:'/socket.io/socket.io',","    hotkeys:'/js/jquery.hotkeys',","    marked:'marked/marked',","    ace:'ace-builds/ace',","    'ace-language-tools':'ace-builds/ext-language_tools',","    'ace-spellcheck':'ace-builds/ext-spellcheck',","    pnotify:'/js/jquery.pnotify.min',","    store:'/js/store.min',","    prism:'prism/js/prism',","    toc:'jquery.toc/jquery.toc',","    app:'/js/imdone-local',","    tour:'/js/imdone-tour',","    search:'/js/models/search',","    client:'/js/imdone-client',","    scrollTo: \"jquery.scrollTo/jquery.scrollTo\",","    zeroclipboard: 'zeroclipboard/js/ZeroClipboard',","    wiggle: '/js/jquery.classywiggle.min',","    printThis: 'printThis/printThis',","    introjs: 'intro.js/js/intro',","    keen: 'keen-js/keen.min'","  },","","  shim: {","    'underscore': {","      exports: '_'","    },","    'backbone': {","      deps: ['jquery', 'json2', 'underscore'],","      exports: 'Backbone'","    },","    'jqueryui': {","      deps: ['jquery']","    },","    'bootstrap': {","      deps: ['jquery']","    },","    'handlebars': {","      deps: ['jquery'],","      exports: 'Handlebars'","    },","    'json2': {","      exports: 'JSON'","    },","    'marked': {","      deps: ['jquery'],","      exports: 'marked'","    },","    'printThis': {","      deps: ['jquery']","    },","    'pnotify': {","      deps: ['jquery','bootstrap']","    },","    'hotkeys': {","      deps: ['jquery']","    },","    'prism':{","      exports: 'Prism'","    },","    'toc': {","      deps: ['jquery']","    },","    'scrollTo': {","      deps: ['jquery']","    },","    'zeroclipboard': {","      deps: ['jquery']","    },","    'wiggle': {","      deps: ['jquery']","    },","    'ace': {","      exports: 'ace'","    },","    'ace-language-tools': {","      deps: ['ace']","    },","    'ace-spellcheck': {","      deps: ['ace']","    }","  }","});","","require(['app', 'ace'],function(App, ace) {","  App.init();","});"],"l":{"1":2,"96":0,"97":0}}}